---------------------------------------------------------------
[ 2021-05-17T13:09:05+08:00 ] 127.0.0.1 GET fastadmin.ym.cn/prbYoEnUAP.php/index/test
[运行时间：0.027288s] [吞吐率：36.65req/s] [内存消耗：668.59kb] [文件加载：139]
[ info ] [ BEHAVIOR ] Run Closure @app_init [ RunTime:0.000012s ]
[ info ] [ CACHE ] INIT File
[ info ] [ BEHAVIOR ] Run Closure @app_init [ RunTime:0.000288s ]
[ info ] [ LANG ] /Users/ryan/Desktop/src/framework/fastadmin/1.2.0.20210401_full/thinkphp/lang/zh-cn.php
[ info ] [ BEHAVIOR ] Run app\common\behavior\Common @app_dispatch [ RunTime:0.000042s ]
[ info ] [ ROUTE ] array (
  'type' => 'module',
  'module' => 
  array (
    0 => 'admin',
    1 => 'index',
    2 => 'test',
  ),
)
[ info ] [ HEADER ] array (
  'cookie' => 'PHPSESSID=h5t5ce0emve3cspv0ng31qjgks; think_var=zh-cn; uid=2; token=408acf9f-422a-4e51-9556-ed8f881168a4; keeplogin=1%7C86400%7C1621254406%7Ce36e82518ca9f153d19b95f1cea79f11',
  'accept-language' => 'zh-CN,zh;q=0.9,en-US;q=0.8,en;q=0.7',
  'accept-encoding' => 'gzip, deflate',
  'accept' => 'text/html,application/xhtml+xml,application/xml;q=0.9,image/avif,image/webp,image/apng,*/*;q=0.8,application/signed-exchange;v=b3;q=0.9',
  'user-agent' => 'Mozilla/5.0 (Macintosh; Intel Mac OS X 10_15_7) AppleWebKit/537.36 (KHTML, like Gecko) Chrome/90.0.4430.93 Safari/537.36',
  'upgrade-insecure-requests' => '1',
  'connection' => 'keep-alive',
  'host' => 'fastadmin.ym.cn',
  'content-length' => '',
  'content-type' => '',
)
[ info ] [ PARAM ] array (
)
[ info ] [ LANG ] /Users/ryan/Desktop/src/framework/fastadmin/1.2.0.20210401_full/public/../application/admin/lang/zh-cn.php
[ info ] [ BEHAVIOR ] Run app\common\behavior\Common @module_init [ RunTime:0.000068s ]
[ info ] [ SESSION ] INIT array (
  'id' => '',
  'var_session_id' => '',
  'prefix' => 'think',
  'type' => '',
  'auto_start' => true,
)
[ info ] [ DB ] INIT mysql
[ info ] [ LANG ] /Users/ryan/Desktop/src/framework/fastadmin/1.2.0.20210401_full/public/../application/admin/lang/zh-cn/index.php
[ info ] [ RUN ] app\admin\controller\Index->test[ /Users/ryan/Desktop/src/framework/fastadmin/1.2.0.20210401_full/application/admin/controller/Index.php ]
[ info ] [ BEHAVIOR ] Run app\admin\behavior\AdminLog @app_end [ RunTime:0.000080s ]
[ info ] [ LOG ] INIT File
---------------------------------------------------------------
[ 2021-05-17T13:13:13+08:00 ] 127.0.0.1 GET fastadmin.ym.cn/prbYoEnUAP.php/index/test
[运行时间：0.028565s] [吞吐率：35.01req/s] [内存消耗：785.04kb] [文件加载：139]
[ info ] [ BEHAVIOR ] Run Closure @app_init [ RunTime:0.000012s ]
[ info ] [ CACHE ] INIT File
[ info ] [ BEHAVIOR ] Run Closure @app_init [ RunTime:0.000285s ]
[ info ] [ LANG ] /Users/ryan/Desktop/src/framework/fastadmin/1.2.0.20210401_full/thinkphp/lang/zh-cn.php
[ info ] [ BEHAVIOR ] Run app\common\behavior\Common @app_dispatch [ RunTime:0.000040s ]
[ info ] [ ROUTE ] array (
  'type' => 'module',
  'module' => 
  array (
    0 => 'admin',
    1 => 'index',
    2 => 'test',
  ),
)
[ info ] [ HEADER ] array (
  'cookie' => 'PHPSESSID=h5t5ce0emve3cspv0ng31qjgks; think_var=zh-cn; uid=2; token=408acf9f-422a-4e51-9556-ed8f881168a4; keeplogin=1%7C86400%7C1621254406%7Ce36e82518ca9f153d19b95f1cea79f11',
  'accept-language' => 'zh-CN,zh;q=0.9,en-US;q=0.8,en;q=0.7',
  'accept-encoding' => 'gzip, deflate',
  'accept' => 'text/html,application/xhtml+xml,application/xml;q=0.9,image/avif,image/webp,image/apng,*/*;q=0.8,application/signed-exchange;v=b3;q=0.9',
  'user-agent' => 'Mozilla/5.0 (Macintosh; Intel Mac OS X 10_15_7) AppleWebKit/537.36 (KHTML, like Gecko) Chrome/90.0.4430.93 Safari/537.36',
  'upgrade-insecure-requests' => '1',
  'cache-control' => 'max-age=0',
  'connection' => 'keep-alive',
  'host' => 'fastadmin.ym.cn',
  'content-length' => '',
  'content-type' => '',
)
[ info ] [ PARAM ] array (
)
[ info ] [ LANG ] /Users/ryan/Desktop/src/framework/fastadmin/1.2.0.20210401_full/public/../application/admin/lang/zh-cn.php
[ info ] [ BEHAVIOR ] Run app\common\behavior\Common @module_init [ RunTime:0.000067s ]
[ info ] [ SESSION ] INIT array (
  'id' => '',
  'var_session_id' => '',
  'prefix' => 'think',
  'type' => '',
  'auto_start' => true,
)
[ info ] [ DB ] INIT mysql
[ info ] [ LANG ] /Users/ryan/Desktop/src/framework/fastadmin/1.2.0.20210401_full/public/../application/admin/lang/zh-cn/index.php
[ info ] [ RUN ] app\admin\controller\Index->test[ /Users/ryan/Desktop/src/framework/fastadmin/1.2.0.20210401_full/application/admin/controller/Index.php ]
[ info ] [ DB ] INIT mysql
[ info ] [ BEHAVIOR ] Run app\admin\behavior\AdminLog @app_end [ RunTime:0.000041s ]
[ info ] [ LOG ] INIT File
