[ 2021-05-27T14:50:55+08:00 ][ info ] [ BEHAVIOR ] Run Closure @app_init [ RunTime:0.000164s ]
[ info ] [ LOG ] INIT File
info
[ 2021-05-27T14:50:55+08:00 ][ info ] [ CACHE ] INIT File
info
[ 2021-05-27T14:50:55+08:00 ][ info ] [ BEHAVIOR ] Run Closure @app_init [ RunTime:0.004184s ]
info
[ 2021-05-27T14:50:55+08:00 ][ info ] [ DB ] INIT mysql
info
[ 2021-05-27T14:50:55+08:00 ][ sql ] [ DB ] CONNECT:[ UseTime:0.001495s ] mysql:host=127.0.0.1;dbname=fastadmin;charset=utf8mb4
sql
[ 2021-05-27T14:50:55+08:00 ][ sql ] [ SQL ] SHOW TABLE STATUS LIKE 'mw_column' [ RunTime:0.001461s ]
sql
[ 2021-05-27T14:50:55+08:00 ][ sql ] [ SQL ] SHOW TABLE STATUS LIKE 'fa_mw_column' [ RunTime:0.002298s ]
sql
[ 2021-05-27T14:51:03+08:00 ][ info ] [ BEHAVIOR ] Run Closure @app_init [ RunTime:0.000168s ]
[ info ] [ LOG ] INIT File
info
[ 2021-05-27T14:51:03+08:00 ][ info ] [ CACHE ] INIT File
info
[ 2021-05-27T14:51:03+08:00 ][ info ] [ BEHAVIOR ] Run Closure @app_init [ RunTime:0.005172s ]
info
[ 2021-05-27T14:51:03+08:00 ][ info ] [ DB ] INIT mysql
info
[ 2021-05-27T14:51:03+08:00 ][ sql ] [ DB ] CONNECT:[ UseTime:0.002492s ] mysql:host=127.0.0.1;dbname=fastadmin;charset=utf8mb4
sql
[ 2021-05-27T14:51:03+08:00 ][ sql ] [ SQL ] SHOW TABLE STATUS LIKE 'mw_column' [ RunTime:0.000849s ]
sql
[ 2021-05-27T14:51:03+08:00 ][ sql ] [ SQL ] SHOW TABLE STATUS LIKE 'fa_mw_column' [ RunTime:0.002131s ]
sql
[ 2021-05-27T14:51:03+08:00 ][ sql ] [ SQL ] SELECT * FROM `information_schema`.`columns` WHERE TABLE_SCHEMA = 'fastadmin' AND table_name = 'fa_mw_column' ORDER BY ORDINAL_POSITION [ RunTime:0.001422s ]
sql
[ 2021-05-27T14:51:03+08:00 ][ info ] [ BEHAVIOR ] Run Closure @app_init [ RunTime:0.000161s ]
[ info ] [ LOG ] INIT File
info
[ 2021-05-27T14:51:03+08:00 ][ info ] [ CACHE ] INIT File
info
[ 2021-05-27T14:51:03+08:00 ][ info ] [ BEHAVIOR ] Run Closure @app_init [ RunTime:0.003039s ]
info
[ 2021-05-27T14:51:03+08:00 ][ info ] [ DB ] INIT mysql
info
[ 2021-05-27T14:51:03+08:00 ][ info ] [ LANG ] D:\phpstudy_pro\WWW\code\create\application\admin\lang/zh-cn.php
info
[ 2021-05-27T14:51:03+08:00 ][ sql ] [ DB ] CONNECT:[ UseTime:0.001535s ] mysql:host=127.0.0.1;dbname=fastadmin;charset=utf8mb4
sql
[ 2021-05-27T14:51:03+08:00 ][ sql ] [ SQL ] SHOW COLUMNS FROM `fa_auth_rule` [ RunTime:0.001151s ]
sql
[ 2021-05-27T14:51:03+08:00 ][ sql ] [ SQL ] SELECT * FROM `fa_auth_rule` WHERE  `name` = 'mw_column' LIMIT 1 [ RunTime:0.000802s ]
sql
[ 2021-05-27T14:51:03+08:00 ][ sql ] [ SQL ] SELECT `id` FROM `fa_auth_rule` WHERE  `name` = 'mw_column/import' LIMIT 1 [ RunTime:0.000380s ]
sql
[ 2021-05-27T14:51:03+08:00 ][ sql ] [ SQL ] SELECT `id` FROM `fa_auth_rule` WHERE  `name` = 'mw_column/index' LIMIT 1 [ RunTime:0.000346s ]
sql
[ 2021-05-27T14:51:03+08:00 ][ sql ] [ SQL ] SELECT `id` FROM `fa_auth_rule` WHERE  `name` = 'mw_column/add' LIMIT 1 [ RunTime:0.000340s ]
sql
[ 2021-05-27T14:51:03+08:00 ][ sql ] [ SQL ] SELECT `id` FROM `fa_auth_rule` WHERE  `name` = 'mw_column/edit' LIMIT 1 [ RunTime:0.000358s ]
sql
[ 2021-05-27T14:51:03+08:00 ][ sql ] [ SQL ] SELECT `id` FROM `fa_auth_rule` WHERE  `name` = 'mw_column/del' LIMIT 1 [ RunTime:0.000350s ]
sql
[ 2021-05-27T14:51:03+08:00 ][ sql ] [ SQL ] SELECT `id` FROM `fa_auth_rule` WHERE  `name` = 'mw_column/multi' LIMIT 1 [ RunTime:0.000342s ]
sql
[ 2021-05-27T14:51:03+08:00 ][ sql ] [ SQL ] UPDATE `fa_auth_rule`  SET `pid`=179,`name`='mw_column/import',`icon`='fa fa-circle-o',`title`='Import',`ismenu`=0,`status`='normal',`updatetime`=1622098263  WHERE  `id` = 180 [ RunTime:0.001581s ]
sql
[ 2021-05-27T14:51:03+08:00 ][ sql ] [ SQL ] UPDATE `fa_auth_rule`  SET `pid`=179,`name`='mw_column/index',`icon`='fa fa-circle-o',`title`='查看',`ismenu`=0,`status`='normal',`updatetime`=1622098263  WHERE  `id` = 181 [ RunTime:0.000547s ]
sql
[ 2021-05-27T14:51:03+08:00 ][ sql ] [ SQL ] UPDATE `fa_auth_rule`  SET `pid`=179,`name`='mw_column/add',`icon`='fa fa-circle-o',`title`='添加',`ismenu`=0,`status`='normal',`updatetime`=1622098263  WHERE  `id` = 182 [ RunTime:0.000420s ]
sql
[ 2021-05-27T14:51:03+08:00 ][ sql ] [ SQL ] UPDATE `fa_auth_rule`  SET `pid`=179,`name`='mw_column/edit',`icon`='fa fa-circle-o',`title`='编辑',`ismenu`=0,`status`='normal',`updatetime`=1622098263  WHERE  `id` = 183 [ RunTime:0.000383s ]
sql
[ 2021-05-27T14:51:03+08:00 ][ sql ] [ SQL ] UPDATE `fa_auth_rule`  SET `pid`=179,`name`='mw_column/del',`icon`='fa fa-circle-o',`title`='删除',`ismenu`=0,`status`='normal',`updatetime`=1622098263  WHERE  `id` = 184 [ RunTime:0.000356s ]
sql
[ 2021-05-27T14:51:03+08:00 ][ sql ] [ SQL ] UPDATE `fa_auth_rule`  SET `pid`=179,`name`='mw_column/multi',`icon`='fa fa-circle-o',`title`='批量更新',`ismenu`=0,`status`='normal',`updatetime`=1622098263  WHERE  `id` = 185 [ RunTime:0.000416s ]
sql
[ 2021-05-27T14:51:43+08:00 ][ info ] [ BEHAVIOR ] Run Closure @app_init [ RunTime:0.000168s ]
[ info ] [ LOG ] INIT File
info
[ 2021-05-27T14:51:43+08:00 ][ info ] [ CACHE ] INIT File
info
[ 2021-05-27T14:51:43+08:00 ][ info ] [ BEHAVIOR ] Run Closure @app_init [ RunTime:0.002282s ]
info
[ 2021-05-27T14:51:43+08:00 ][ info ] [ DB ] INIT mysql
info
[ 2021-05-27T14:51:43+08:00 ][ sql ] [ DB ] CONNECT:[ UseTime:0.003172s ] mysql:host=127.0.0.1;dbname=fastadmin;charset=utf8mb4
sql
[ 2021-05-27T14:51:43+08:00 ][ sql ] [ SQL ] SHOW TABLE STATUS LIKE 'mw_column' [ RunTime:0.000801s ]
sql
[ 2021-05-27T14:51:43+08:00 ][ sql ] [ SQL ] SHOW TABLE STATUS LIKE 'fa_mw_column' [ RunTime:0.002246s ]
sql
[ 2021-05-27T14:51:48+08:00 ][ info ] [ BEHAVIOR ] Run Closure @app_init [ RunTime:0.000164s ]
[ info ] [ LOG ] INIT File
info
[ 2021-05-27T14:51:48+08:00 ][ info ] [ CACHE ] INIT File
info
[ 2021-05-27T14:51:48+08:00 ][ info ] [ BEHAVIOR ] Run Closure @app_init [ RunTime:0.002219s ]
info
[ 2021-05-27T14:51:48+08:00 ][ info ] [ DB ] INIT mysql
info
[ 2021-05-27T14:51:48+08:00 ][ sql ] [ DB ] CONNECT:[ UseTime:0.002013s ] mysql:host=127.0.0.1;dbname=fastadmin;charset=utf8mb4
sql
[ 2021-05-27T14:51:48+08:00 ][ sql ] [ SQL ] SHOW TABLE STATUS LIKE 'mw_connection' [ RunTime:0.001195s ]
sql
[ 2021-05-27T14:51:48+08:00 ][ sql ] [ SQL ] SHOW TABLE STATUS LIKE 'fa_mw_connection' [ RunTime:0.002819s ]
sql
[ 2021-05-27T14:52:06+08:00 ][ info ] [ BEHAVIOR ] Run Closure @app_init [ RunTime:0.000162s ]
[ info ] [ LOG ] INIT File
info
[ 2021-05-27T14:52:06+08:00 ][ info ] [ CACHE ] INIT File
info
[ 2021-05-27T14:52:06+08:00 ][ info ] [ BEHAVIOR ] Run Closure @app_init [ RunTime:0.002255s ]
info
[ 2021-05-27T14:52:06+08:00 ][ info ] [ DB ] INIT mysql
info
[ 2021-05-27T14:52:06+08:00 ][ sql ] [ DB ] CONNECT:[ UseTime:0.001402s ] mysql:host=127.0.0.1;dbname=fastadmin;charset=utf8mb4
sql
[ 2021-05-27T14:52:06+08:00 ][ sql ] [ SQL ] SHOW TABLE STATUS LIKE 'mw_column' [ RunTime:0.000822s ]
sql
[ 2021-05-27T14:52:06+08:00 ][ sql ] [ SQL ] SHOW TABLE STATUS LIKE 'fa_mw_column' [ RunTime:0.002552s ]
sql
[ 2021-05-27T14:52:06+08:00 ][ sql ] [ SQL ] SELECT * FROM `information_schema`.`columns` WHERE TABLE_SCHEMA = 'fastadmin' AND table_name = 'fa_mw_column' ORDER BY ORDINAL_POSITION [ RunTime:0.001554s ]
sql
[ 2021-05-27T14:52:06+08:00 ][ info ] [ BEHAVIOR ] Run Closure @app_init [ RunTime:0.000172s ]
[ info ] [ LOG ] INIT File
info
[ 2021-05-27T14:52:06+08:00 ][ info ] [ CACHE ] INIT File
info
[ 2021-05-27T14:52:06+08:00 ][ info ] [ BEHAVIOR ] Run Closure @app_init [ RunTime:0.002227s ]
info
[ 2021-05-27T14:52:06+08:00 ][ info ] [ DB ] INIT mysql
info
[ 2021-05-27T14:52:06+08:00 ][ info ] [ LANG ] D:\phpstudy_pro\WWW\code\create\application\admin\lang/zh-cn.php
info
[ 2021-05-27T14:52:06+08:00 ][ sql ] [ DB ] CONNECT:[ UseTime:0.001479s ] mysql:host=127.0.0.1;dbname=fastadmin;charset=utf8mb4
sql
[ 2021-05-27T14:52:06+08:00 ][ sql ] [ SQL ] SHOW COLUMNS FROM `fa_auth_rule` [ RunTime:0.001039s ]
sql
[ 2021-05-27T14:52:06+08:00 ][ sql ] [ SQL ] SELECT * FROM `fa_auth_rule` WHERE  `name` = 'mw_column' LIMIT 1 [ RunTime:0.000505s ]
sql
[ 2021-05-27T14:52:06+08:00 ][ sql ] [ SQL ] SELECT `id` FROM `fa_auth_rule` WHERE  `name` = 'mw_column/import' LIMIT 1 [ RunTime:0.000458s ]
sql
[ 2021-05-27T14:52:06+08:00 ][ sql ] [ SQL ] SELECT `id` FROM `fa_auth_rule` WHERE  `name` = 'mw_column/index' LIMIT 1 [ RunTime:0.000503s ]
sql
[ 2021-05-27T14:52:06+08:00 ][ sql ] [ SQL ] SELECT `id` FROM `fa_auth_rule` WHERE  `name` = 'mw_column/add' LIMIT 1 [ RunTime:0.000422s ]
sql
[ 2021-05-27T14:52:06+08:00 ][ sql ] [ SQL ] SELECT `id` FROM `fa_auth_rule` WHERE  `name` = 'mw_column/edit' LIMIT 1 [ RunTime:0.000425s ]
sql
[ 2021-05-27T14:52:06+08:00 ][ sql ] [ SQL ] SELECT `id` FROM `fa_auth_rule` WHERE  `name` = 'mw_column/del' LIMIT 1 [ RunTime:0.000419s ]
sql
[ 2021-05-27T14:52:06+08:00 ][ sql ] [ SQL ] SELECT `id` FROM `fa_auth_rule` WHERE  `name` = 'mw_column/multi' LIMIT 1 [ RunTime:0.000453s ]
sql
[ 2021-05-27T14:52:06+08:00 ][ sql ] [ SQL ] UPDATE `fa_auth_rule`  SET `pid`=179,`name`='mw_column/import',`icon`='fa fa-circle-o',`title`='Import',`ismenu`=0,`status`='normal',`updatetime`=1622098326  WHERE  `id` = 180 [ RunTime:0.000832s ]
sql
[ 2021-05-27T14:52:06+08:00 ][ sql ] [ SQL ] UPDATE `fa_auth_rule`  SET `pid`=179,`name`='mw_column/index',`icon`='fa fa-circle-o',`title`='查看',`ismenu`=0,`status`='normal',`updatetime`=1622098326  WHERE  `id` = 181 [ RunTime:0.000500s ]
sql
[ 2021-05-27T14:52:06+08:00 ][ sql ] [ SQL ] UPDATE `fa_auth_rule`  SET `pid`=179,`name`='mw_column/add',`icon`='fa fa-circle-o',`title`='添加',`ismenu`=0,`status`='normal',`updatetime`=1622098326  WHERE  `id` = 182 [ RunTime:0.000464s ]
sql
[ 2021-05-27T14:52:06+08:00 ][ sql ] [ SQL ] UPDATE `fa_auth_rule`  SET `pid`=179,`name`='mw_column/edit',`icon`='fa fa-circle-o',`title`='编辑',`ismenu`=0,`status`='normal',`updatetime`=1622098326  WHERE  `id` = 183 [ RunTime:0.000476s ]
sql
[ 2021-05-27T14:52:06+08:00 ][ sql ] [ SQL ] UPDATE `fa_auth_rule`  SET `pid`=179,`name`='mw_column/del',`icon`='fa fa-circle-o',`title`='删除',`ismenu`=0,`status`='normal',`updatetime`=1622098326  WHERE  `id` = 184 [ RunTime:0.000478s ]
sql
[ 2021-05-27T14:52:06+08:00 ][ sql ] [ SQL ] UPDATE `fa_auth_rule`  SET `pid`=179,`name`='mw_column/multi',`icon`='fa fa-circle-o',`title`='批量更新',`ismenu`=0,`status`='normal',`updatetime`=1622098326  WHERE  `id` = 185 [ RunTime:0.000478s ]
sql
[ 2021-05-27T14:53:46+08:00 ][ info ] [ BEHAVIOR ] Run Closure @app_init [ RunTime:0.000558s ]
[ info ] [ LOG ] INIT File
info
[ 2021-05-27T14:53:46+08:00 ][ info ] [ CACHE ] INIT File
info
[ 2021-05-27T14:53:46+08:00 ][ info ] [ BEHAVIOR ] Run Closure @app_init [ RunTime:0.002285s ]
info
[ 2021-05-27T14:53:46+08:00 ][ info ] [ DB ] INIT mysql
info
[ 2021-05-27T14:53:46+08:00 ][ sql ] [ DB ] CONNECT:[ UseTime:0.001370s ] mysql:host=127.0.0.1;dbname=fastadmin;charset=utf8mb4
sql
[ 2021-05-27T14:53:46+08:00 ][ sql ] [ SQL ] SHOW TABLE STATUS LIKE 'mw_column' [ RunTime:0.000798s ]
sql
[ 2021-05-27T14:53:46+08:00 ][ sql ] [ SQL ] SHOW TABLE STATUS LIKE 'fa_mw_column' [ RunTime:0.002091s ]
sql
[ 2021-05-27T14:53:54+08:00 ][ info ] [ BEHAVIOR ] Run Closure @app_init [ RunTime:0.000156s ]
[ info ] [ LOG ] INIT File
info
[ 2021-05-27T14:53:54+08:00 ][ info ] [ CACHE ] INIT File
info
[ 2021-05-27T14:53:54+08:00 ][ info ] [ BEHAVIOR ] Run Closure @app_init [ RunTime:0.003670s ]
info
[ 2021-05-27T14:53:54+08:00 ][ info ] [ DB ] INIT mysql
info
[ 2021-05-27T14:53:54+08:00 ][ sql ] [ DB ] CONNECT:[ UseTime:0.001408s ] mysql:host=127.0.0.1;dbname=fastadmin;charset=utf8mb4
sql
[ 2021-05-27T14:53:54+08:00 ][ sql ] [ SQL ] SHOW TABLE STATUS LIKE 'mw_column' [ RunTime:0.000787s ]
sql
[ 2021-05-27T14:53:54+08:00 ][ sql ] [ SQL ] SHOW TABLE STATUS LIKE 'fa_mw_column' [ RunTime:0.002166s ]
sql
[ 2021-05-27T14:53:54+08:00 ][ sql ] [ SQL ] SELECT * FROM `information_schema`.`columns` WHERE TABLE_SCHEMA = 'fastadmin' AND table_name = 'fa_mw_column' ORDER BY ORDINAL_POSITION [ RunTime:0.001250s ]
sql
[ 2021-05-27T14:53:54+08:00 ][ info ] [ BEHAVIOR ] Run Closure @app_init [ RunTime:0.000178s ]
[ info ] [ LOG ] INIT File
info
[ 2021-05-27T14:53:54+08:00 ][ info ] [ CACHE ] INIT File
info
[ 2021-05-27T14:53:54+08:00 ][ info ] [ BEHAVIOR ] Run Closure @app_init [ RunTime:0.002305s ]
info
[ 2021-05-27T14:53:54+08:00 ][ info ] [ DB ] INIT mysql
info
[ 2021-05-27T14:53:54+08:00 ][ info ] [ LANG ] D:\phpstudy_pro\WWW\code\create\application\admin\lang/zh-cn.php
info
[ 2021-05-27T14:53:54+08:00 ][ sql ] [ DB ] CONNECT:[ UseTime:0.001441s ] mysql:host=127.0.0.1;dbname=fastadmin;charset=utf8mb4
sql
[ 2021-05-27T14:53:54+08:00 ][ sql ] [ SQL ] SHOW COLUMNS FROM `fa_auth_rule` [ RunTime:0.001021s ]
sql
[ 2021-05-27T14:53:54+08:00 ][ sql ] [ SQL ] SELECT * FROM `fa_auth_rule` WHERE  `name` = 'mw_column' LIMIT 1 [ RunTime:0.000553s ]
sql
[ 2021-05-27T14:53:54+08:00 ][ sql ] [ SQL ] SELECT `id` FROM `fa_auth_rule` WHERE  `name` = 'mw_column/import' LIMIT 1 [ RunTime:0.000460s ]
sql
[ 2021-05-27T14:53:54+08:00 ][ sql ] [ SQL ] SELECT `id` FROM `fa_auth_rule` WHERE  `name` = 'mw_column/index' LIMIT 1 [ RunTime:0.000420s ]
sql
[ 2021-05-27T14:53:54+08:00 ][ sql ] [ SQL ] SELECT `id` FROM `fa_auth_rule` WHERE  `name` = 'mw_column/add' LIMIT 1 [ RunTime:0.000439s ]
sql
[ 2021-05-27T14:53:54+08:00 ][ sql ] [ SQL ] SELECT `id` FROM `fa_auth_rule` WHERE  `name` = 'mw_column/edit' LIMIT 1 [ RunTime:0.000421s ]
sql
[ 2021-05-27T14:53:54+08:00 ][ sql ] [ SQL ] SELECT `id` FROM `fa_auth_rule` WHERE  `name` = 'mw_column/del' LIMIT 1 [ RunTime:0.000432s ]
sql
[ 2021-05-27T14:53:54+08:00 ][ sql ] [ SQL ] SELECT `id` FROM `fa_auth_rule` WHERE  `name` = 'mw_column/multi' LIMIT 1 [ RunTime:0.000409s ]
sql
[ 2021-05-27T14:53:54+08:00 ][ sql ] [ SQL ] UPDATE `fa_auth_rule`  SET `pid`=179,`name`='mw_column/import',`icon`='fa fa-circle-o',`title`='Import',`ismenu`=0,`status`='normal',`updatetime`=1622098434  WHERE  `id` = 180 [ RunTime:0.000471s ]
sql
[ 2021-05-27T14:53:54+08:00 ][ sql ] [ SQL ] UPDATE `fa_auth_rule`  SET `pid`=179,`name`='mw_column/index',`icon`='fa fa-circle-o',`title`='查看',`ismenu`=0,`status`='normal',`updatetime`=1622098434  WHERE  `id` = 181 [ RunTime:0.000521s ]
sql
[ 2021-05-27T14:53:54+08:00 ][ sql ] [ SQL ] UPDATE `fa_auth_rule`  SET `pid`=179,`name`='mw_column/add',`icon`='fa fa-circle-o',`title`='添加',`ismenu`=0,`status`='normal',`updatetime`=1622098434  WHERE  `id` = 182 [ RunTime:0.000577s ]
sql
[ 2021-05-27T14:53:54+08:00 ][ sql ] [ SQL ] UPDATE `fa_auth_rule`  SET `pid`=179,`name`='mw_column/edit',`icon`='fa fa-circle-o',`title`='编辑',`ismenu`=0,`status`='normal',`updatetime`=1622098434  WHERE  `id` = 183 [ RunTime:0.000609s ]
sql
[ 2021-05-27T14:53:54+08:00 ][ sql ] [ SQL ] UPDATE `fa_auth_rule`  SET `pid`=179,`name`='mw_column/del',`icon`='fa fa-circle-o',`title`='删除',`ismenu`=0,`status`='normal',`updatetime`=1622098434  WHERE  `id` = 184 [ RunTime:0.000530s ]
sql
[ 2021-05-27T14:53:54+08:00 ][ sql ] [ SQL ] UPDATE `fa_auth_rule`  SET `pid`=179,`name`='mw_column/multi',`icon`='fa fa-circle-o',`title`='批量更新',`ismenu`=0,`status`='normal',`updatetime`=1622098434  WHERE  `id` = 185 [ RunTime:0.000481s ]
sql
