[ 2021-05-26T15:54:49+08:00 ][ info ] [ BEHAVIOR ] Run Closure @app_init [ RunTime:0.015985s ]
[ info ] [ LOG ] INIT File
info
[ 2021-05-26T15:54:49+08:00 ][ info ] [ CACHE ] INIT File
info
[ 2021-05-26T15:54:49+08:00 ][ info ] [ BEHAVIOR ] Run Closure @app_init [ RunTime:0.008265s ]
info
[ 2021-05-26T15:54:49+08:00 ][ info ] [ DB ] INIT mysql
info
[ 2021-05-26T15:54:50+08:00 ][ sql ] [ DB ] CONNECT:[ UseTime:0.039619s ] mysql:host=127.0.0.1;dbname=fastadmin;charset=utf8mb4
sql
[ 2021-05-26T15:54:50+08:00 ][ sql ] [ SQL ] SHOW TABLE STATUS LIKE 'mw_connection' [ RunTime:0.001410s ]
sql
[ 2021-05-26T15:54:50+08:00 ][ sql ] [ SQL ] SHOW TABLE STATUS LIKE 'fa_mw_connection' [ RunTime:0.003224s ]
sql
[ 2021-05-26T15:55:15+08:00 ][ info ] [ BEHAVIOR ] Run Closure @app_init [ RunTime:0.000159s ]
[ info ] [ LOG ] INIT File
info
[ 2021-05-26T15:55:15+08:00 ][ info ] [ CACHE ] INIT File
info
[ 2021-05-26T15:55:15+08:00 ][ info ] [ BEHAVIOR ] Run Closure @app_init [ RunTime:0.003929s ]
info
[ 2021-05-26T15:55:15+08:00 ][ info ] [ DB ] INIT mysql
info
[ 2021-05-26T15:55:15+08:00 ][ sql ] [ DB ] CONNECT:[ UseTime:0.001361s ] mysql:host=127.0.0.1;dbname=fastadmin;charset=utf8mb4
sql
[ 2021-05-26T15:55:15+08:00 ][ sql ] [ SQL ] SHOW TABLE STATUS LIKE 'mw_connection' [ RunTime:0.000765s ]
sql
[ 2021-05-26T15:55:15+08:00 ][ sql ] [ SQL ] SHOW TABLE STATUS LIKE 'fa_mw_connection' [ RunTime:0.002088s ]
sql
[ 2021-05-26T15:55:15+08:00 ][ sql ] [ SQL ] SELECT * FROM `information_schema`.`columns` WHERE TABLE_SCHEMA = 'fastadmin' AND table_name = 'fa_mw_connection' ORDER BY ORDINAL_POSITION [ RunTime:0.001257s ]
sql
[ 2021-05-26T15:55:15+08:00 ][ info ] [ BEHAVIOR ] Run Closure @app_init [ RunTime:0.000152s ]
[ info ] [ LOG ] INIT File
info
[ 2021-05-26T15:55:15+08:00 ][ info ] [ CACHE ] INIT File
info
[ 2021-05-26T15:55:15+08:00 ][ info ] [ BEHAVIOR ] Run Closure @app_init [ RunTime:0.002260s ]
info
[ 2021-05-26T15:55:15+08:00 ][ info ] [ DB ] INIT mysql
info
[ 2021-05-26T15:55:15+08:00 ][ info ] [ LANG ] D:\phpstudy_pro\WWW\code\create\application\admin\lang/zh-cn.php
info
[ 2021-05-26T15:55:15+08:00 ][ sql ] [ DB ] CONNECT:[ UseTime:0.001486s ] mysql:host=127.0.0.1;dbname=fastadmin;charset=utf8mb4
sql
[ 2021-05-26T15:55:15+08:00 ][ sql ] [ SQL ] SHOW COLUMNS FROM `fa_auth_rule` [ RunTime:0.001042s ]
sql
[ 2021-05-26T15:55:15+08:00 ][ sql ] [ SQL ] SELECT * FROM `fa_auth_rule` WHERE  `name` = 'mw_connection' LIMIT 1 [ RunTime:0.000564s ]
sql
[ 2021-05-26T15:55:15+08:00 ][ sql ] [ SQL ] SELECT `id` FROM `fa_auth_rule` WHERE  `name` = 'mw_connection/import' LIMIT 1 [ RunTime:0.000444s ]
sql
[ 2021-05-26T15:55:15+08:00 ][ sql ] [ SQL ] SELECT `id` FROM `fa_auth_rule` WHERE  `name` = 'mw_connection/index' LIMIT 1 [ RunTime:0.000431s ]
sql
[ 2021-05-26T15:55:15+08:00 ][ sql ] [ SQL ] SELECT `id` FROM `fa_auth_rule` WHERE  `name` = 'mw_connection/add' LIMIT 1 [ RunTime:0.000406s ]
sql
[ 2021-05-26T15:55:15+08:00 ][ sql ] [ SQL ] SELECT `id` FROM `fa_auth_rule` WHERE  `name` = 'mw_connection/edit' LIMIT 1 [ RunTime:0.000408s ]
sql
[ 2021-05-26T15:55:15+08:00 ][ sql ] [ SQL ] SELECT `id` FROM `fa_auth_rule` WHERE  `name` = 'mw_connection/del' LIMIT 1 [ RunTime:0.000416s ]
sql
[ 2021-05-26T15:55:15+08:00 ][ sql ] [ SQL ] SELECT `id` FROM `fa_auth_rule` WHERE  `name` = 'mw_connection/multi' LIMIT 1 [ RunTime:0.000374s ]
sql
[ 2021-05-26T15:55:15+08:00 ][ sql ] [ SQL ] UPDATE `fa_auth_rule`  SET `pid`=116,`name`='mw_connection/import',`icon`='fa fa-circle-o',`title`='Import',`ismenu`=0,`status`='normal',`updatetime`=1622015715  WHERE  `id` = 117 [ RunTime:0.020558s ]
sql
[ 2021-05-26T15:55:15+08:00 ][ sql ] [ SQL ] UPDATE `fa_auth_rule`  SET `pid`=116,`name`='mw_connection/index',`icon`='fa fa-circle-o',`title`='查看',`ismenu`=0,`status`='normal',`updatetime`=1622015715  WHERE  `id` = 118 [ RunTime:0.000537s ]
sql
[ 2021-05-26T15:55:15+08:00 ][ sql ] [ SQL ] UPDATE `fa_auth_rule`  SET `pid`=116,`name`='mw_connection/add',`icon`='fa fa-circle-o',`title`='添加',`ismenu`=0,`status`='normal',`updatetime`=1622015715  WHERE  `id` = 119 [ RunTime:0.000520s ]
sql
[ 2021-05-26T15:55:15+08:00 ][ sql ] [ SQL ] UPDATE `fa_auth_rule`  SET `pid`=116,`name`='mw_connection/edit',`icon`='fa fa-circle-o',`title`='编辑',`ismenu`=0,`status`='normal',`updatetime`=1622015715  WHERE  `id` = 120 [ RunTime:0.000512s ]
sql
[ 2021-05-26T15:55:15+08:00 ][ sql ] [ SQL ] UPDATE `fa_auth_rule`  SET `pid`=116,`name`='mw_connection/del',`icon`='fa fa-circle-o',`title`='删除',`ismenu`=0,`status`='normal',`updatetime`=1622015715  WHERE  `id` = 121 [ RunTime:0.000498s ]
sql
[ 2021-05-26T15:55:15+08:00 ][ sql ] [ SQL ] UPDATE `fa_auth_rule`  SET `pid`=116,`name`='mw_connection/multi',`icon`='fa fa-circle-o',`title`='批量更新',`ismenu`=0,`status`='normal',`updatetime`=1622015715  WHERE  `id` = 122 [ RunTime:0.000506s ]
sql
