---------------------------------------------------------------
[ 2021-05-31T11:14:19+08:00 ] 127.0.0.1 GET create.com/admin/mw_module_relation?addtabs=1
[运行时间：0.282572s] [吞吐率：3.54req/s] [内存消耗：4,404.47kb] [文件加载：143]
[ info ] [ BEHAVIOR ] Run Closure @app_init [ RunTime:0.000079s ]
[ info ] [ CACHE ] INIT File
[ info ] [ BEHAVIOR ] Run Closure @app_init [ RunTime:0.003009s ]
[ info ] [ LANG ] D:\phpstudy_pro\WWW\code\create\thinkphp\lang\zh-cn.php
[ info ] [ BEHAVIOR ] Run app\common\behavior\Common @app_dispatch [ RunTime:0.000941s ]
[ info ] [ ROUTE ] array (
  'type' => 'module',
  'module' => 
  array (
    0 => 'admin',
    1 => 'mw_module_relation',
    2 => NULL,
  ),
)
[ info ] [ HEADER ] array (
  'cookie' => 'uid=1; token=881dede3-390e-4d9b-a269-ee085f4f5609; PHPSESSID=kqics68bg8ev38k1u16dvb171n; think_var=zh-cn',
  'accept-language' => 'zh-CN,zh;q=0.9',
  'accept-encoding' => 'gzip, deflate',
  'accept' => 'text/html,application/xhtml+xml,application/xml;q=0.9,image/webp,image/apng,*/*;q=0.8',
  'user-agent' => 'Mozilla/5.0 (Windows NT 10.0; Win64; x64) AppleWebKit/537.36 (KHTML, like Gecko) Chrome/72.0.3626.121 Safari/537.36',
  'upgrade-insecure-requests' => '1',
  'connection' => 'keep-alive',
  'host' => 'create.com',
  'content-length' => '',
  'content-type' => '',
)
[ info ] [ PARAM ] array (
  'addtabs' => '1',
)
[ info ] [ LANG ] D:\phpstudy_pro\WWW\code\create\public/../application/admin\lang\zh-cn.php
[ info ] [ BEHAVIOR ] Run app\common\behavior\Common @module_init [ RunTime:0.002744s ]
[ info ] [ SESSION ] INIT array (
  'id' => '',
  'var_session_id' => '',
  'prefix' => 'think',
  'type' => '',
  'auto_start' => true,
)
[ info ] [ DB ] INIT mysql
[ info ] [ LANG ] D:\phpstudy_pro\WWW\code\create\public/../application/admin/lang/zh-cn/mw_module_relation.php
[ info ] [ RUN ] app\admin\controller\MwModuleRelation->index[ D:\phpstudy_pro\WWW\code\create\application\admin\controller\MwModuleRelation.php ]
[ info ] [ VIEW ] D:\phpstudy_pro\WWW\code\create\public/../application/admin\view\mw_module_relation\index.html [ array (
  0 => 'breadcrumb',
  1 => 'site',
  2 => 'config',
  3 => 'auth',
  4 => 'admin',
) ]
[ info ] [ BEHAVIOR ] Run app\admin\behavior\AdminLog @app_end [ RunTime:0.000462s ]
[ info ] [ LOG ] INIT File
[ sql ] [ DB ] CONNECT:[ UseTime:0.004597s ] mysql:host=127.0.0.1;dbname=fastadmin;charset=utf8mb4
[ sql ] [ SQL ] SHOW COLUMNS FROM `fa_auth_group_access` [ RunTime:0.005238s ]
[ sql ] [ SQL ] SELECT `aga`.`uid`,`aga`.`group_id`,`ag`.`id`,`ag`.`pid`,`ag`.`name`,`ag`.`rules` FROM `fa_auth_group_access` `aga` LEFT JOIN `fa_auth_group` `ag` ON `aga`.`group_id`=`ag`.`id` WHERE  (  aga.uid='1' and ag.status='normal' ) [ RunTime:0.003257s ]
[ sql ] [ SQL ] SHOW COLUMNS FROM `fa_auth_rule` [ RunTime:0.003116s ]
[ sql ] [ SQL ] SELECT `id`,`pid`,`condition`,`icon`,`name`,`title`,`ismenu` FROM `fa_auth_rule` WHERE  `status` = 'normal' [ RunTime:0.000914s ]
[ sql ] [ SQL ] SELECT `title`,`remark` FROM `fa_auth_rule` WHERE  `name` = 'mwmodulerelation' LIMIT 1 [ RunTime:0.000597s ]
---------------------------------------------------------------
[ 2021-05-31T11:14:19+08:00 ] 127.0.0.1 GET create.com/admin/ajax/lang?callback=define&controllername=mw_module_relation&lang=zh-cn&v=1622430859&v=1622430859
[运行时间：0.110412s] [吞吐率：9.06req/s] [内存消耗：3,554.79kb] [文件加载：137]
[ info ] [ BEHAVIOR ] Run Closure @app_init [ RunTime:0.000055s ]
[ info ] [ CACHE ] INIT File
[ info ] [ BEHAVIOR ] Run Closure @app_init [ RunTime:0.001752s ]
[ info ] [ LANG ] D:\phpstudy_pro\WWW\code\create\thinkphp\lang\zh-cn.php
[ info ] [ BEHAVIOR ] Run app\common\behavior\Common @app_dispatch [ RunTime:0.000570s ]
[ info ] [ ROUTE ] array (
  'type' => 'module',
  'module' => 
  array (
    0 => 'admin',
    1 => 'ajax',
    2 => 'lang',
  ),
)
[ info ] [ HEADER ] array (
  'cookie' => 'uid=1; token=881dede3-390e-4d9b-a269-ee085f4f5609; PHPSESSID=kqics68bg8ev38k1u16dvb171n; think_var=zh-cn',
  'accept-language' => 'zh-CN,zh;q=0.9',
  'accept-encoding' => 'gzip, deflate',
  'accept' => '*/*',
  'user-agent' => 'Mozilla/5.0 (Windows NT 10.0; Win64; x64) AppleWebKit/537.36 (KHTML, like Gecko) Chrome/72.0.3626.121 Safari/537.36',
  'connection' => 'keep-alive',
  'host' => 'create.com',
  'content-length' => '',
  'content-type' => '',
)
[ info ] [ PARAM ] array (
  'callback' => 'define',
  'controllername' => 'mw_module_relation',
  'lang' => 'zh-cn',
  'v' => '1622430859',
)
[ info ] [ LANG ] D:\phpstudy_pro\WWW\code\create\public/../application/admin\lang\zh-cn.php
[ info ] [ BEHAVIOR ] Run app\common\behavior\Common @module_init [ RunTime:0.015529s ]
[ info ] [ SESSION ] INIT array (
  'id' => '',
  'var_session_id' => '',
  'prefix' => 'think',
  'type' => '',
  'auto_start' => true,
)
[ info ] [ LANG ] D:\phpstudy_pro\WWW\code\create\public/../application/admin/lang/zh-cn/ajax.php
[ info ] [ RUN ] app\admin\controller\Ajax->lang[ D:\phpstudy_pro\WWW\code\create\application\admin\controller\Ajax.php ]
[ info ] [ LANG ] D:\phpstudy_pro\WWW\code\create\public/../application/admin/lang/zh-cn/mw_module_relation.php
[ info ] [ BEHAVIOR ] Run app\admin\behavior\AdminLog @app_end [ RunTime:0.000504s ]
[ info ] [ LOG ] INIT File
---------------------------------------------------------------
[ 2021-05-31T11:14:20+08:00 ] 127.0.0.1 GET create.com/admin/mw_module_relation/index?addtabs=1&sort=id&order=desc&offset=0&limit=10&filter=%7B%7D&op=%7B%7D&_=1622430859703
[运行时间：0.130633s] [吞吐率：7.66req/s] [内存消耗：4,701.82kb] [文件加载：151]
[ info ] [ BEHAVIOR ] Run Closure @app_init [ RunTime:0.000017s ]
[ info ] [ CACHE ] INIT File
[ info ] [ BEHAVIOR ] Run Closure @app_init [ RunTime:0.001265s ]
[ info ] [ LANG ] D:\phpstudy_pro\WWW\code\create\thinkphp\lang\zh-cn.php
[ info ] [ BEHAVIOR ] Run app\common\behavior\Common @app_dispatch [ RunTime:0.000614s ]
[ info ] [ ROUTE ] array (
  'type' => 'module',
  'module' => 
  array (
    0 => 'admin',
    1 => 'mw_module_relation',
    2 => 'index',
  ),
)
[ info ] [ HEADER ] array (
  'cookie' => 'uid=1; token=881dede3-390e-4d9b-a269-ee085f4f5609; PHPSESSID=kqics68bg8ev38k1u16dvb171n; think_var=zh-cn',
  'accept-language' => 'zh-CN,zh;q=0.9',
  'accept-encoding' => 'gzip, deflate',
  'content-type' => 'application/json',
  'user-agent' => 'Mozilla/5.0 (Windows NT 10.0; Win64; x64) AppleWebKit/537.36 (KHTML, like Gecko) Chrome/72.0.3626.121 Safari/537.36',
  'x-requested-with' => 'XMLHttpRequest',
  'accept' => 'application/json, text/javascript, */*; q=0.01',
  'connection' => 'keep-alive',
  'host' => 'create.com',
  'content-length' => '',
)
[ info ] [ PARAM ] array (
  'addtabs' => '1',
  'sort' => 'id',
  'order' => 'desc',
  'offset' => '0',
  'limit' => '10',
  'filter' => '{}',
  'op' => '{}',
  '_' => '1622430859703',
)
[ info ] [ LANG ] D:\phpstudy_pro\WWW\code\create\public/../application/admin\lang\zh-cn.php
[ info ] [ BEHAVIOR ] Run app\common\behavior\Common @module_init [ RunTime:0.001186s ]
[ info ] [ SESSION ] INIT array (
  'id' => '',
  'var_session_id' => '',
  'prefix' => 'think',
  'type' => '',
  'auto_start' => true,
)
[ info ] [ DB ] INIT mysql
[ info ] [ LANG ] D:\phpstudy_pro\WWW\code\create\public/../application/admin/lang/zh-cn/mw_module_relation.php
[ info ] [ RUN ] app\admin\controller\MwModuleRelation->index[ D:\phpstudy_pro\WWW\code\create\application\admin\controller\MwModuleRelation.php ]
[ info ] [ BEHAVIOR ] Run app\admin\behavior\AdminLog @app_end [ RunTime:0.000222s ]
[ info ] [ LOG ] INIT File
[ sql ] [ DB ] CONNECT:[ UseTime:0.001252s ] mysql:host=127.0.0.1;dbname=fastadmin;charset=utf8mb4
[ sql ] [ SQL ] SHOW COLUMNS FROM `fa_auth_group_access` [ RunTime:0.002544s ]
[ sql ] [ SQL ] SELECT `aga`.`uid`,`aga`.`group_id`,`ag`.`id`,`ag`.`pid`,`ag`.`name`,`ag`.`rules` FROM `fa_auth_group_access` `aga` LEFT JOIN `fa_auth_group` `ag` ON `aga`.`group_id`=`ag`.`id` WHERE  (  aga.uid='1' and ag.status='normal' ) [ RunTime:0.003099s ]
[ sql ] [ SQL ] SHOW COLUMNS FROM `fa_auth_rule` [ RunTime:0.003824s ]
[ sql ] [ SQL ] SELECT `id`,`pid`,`condition`,`icon`,`name`,`title`,`ismenu` FROM `fa_auth_rule` WHERE  `status` = 'normal' [ RunTime:0.001101s ]
[ sql ] [ SQL ] SHOW COLUMNS FROM `fa_mw_module_relation` [ RunTime:0.002531s ]
[ sql ] [ SQL ] SHOW COLUMNS FROM `fa_mw_module` [ RunTime:0.002260s ]
[ sql ] [ SQL ] SHOW COLUMNS FROM `fa_user` [ RunTime:0.002981s ]
[ sql ] [ SQL ] SELECT COUNT(*) AS tp_count FROM `fa_mw_module_relation` `mw_module_relation` LEFT JOIN `fa_mw_module` `mwmodule` ON `mw_module_relation`.`primary_module_id`=`mwmodule`.`id` LEFT JOIN `fa_user` `user` ON `mw_module_relation`.`relation_module_id`=`user`.`id` LIMIT 1 [ RunTime:0.000657s ]
[ sql ] [ SQL ] SELECT `mw_module_relation`.`id`,`mw_module_relation`.`primary_module_id`,`mw_module_relation`.`relation_module_id`,`mw_module_relation`.`relation_condition`,`mw_module_relation`.`create_time`,mwmodule.id AS mwmodule__id,mwmodule.project_id AS mwmodule__project_id,mwmodule.connection_id AS mwmodule__connection_id,mwmodule.name AS mwmodule__name,mwmodule.table_name AS mwmodule__table_name,mwmodule.api AS mwmodule__api,mwmodule.create_time AS mwmodule__create_time,user.id AS user__id,user.group_id AS user__group_id,user.username AS user__username,user.nickname AS user__nickname,user.password AS user__password,user.salt AS user__salt,user.email AS user__email,user.mobile AS user__mobile,user.avatar AS user__avatar,user.level AS user__level,user.gender AS user__gender,user.birthday AS user__birthday,user.bio AS user__bio,user.money AS user__money,user.score AS user__score,user.successions AS user__successions,user.maxsuccessions AS user__maxsuccessions,user.prevtime AS user__prevtime,user.logintime AS user__logintime,user.loginip AS user__loginip,user.loginfailure AS user__loginfailure,user.joinip AS user__joinip,user.jointime AS user__jointime,user.createtime AS user__createtime,user.updatetime AS user__updatetime,user.token AS user__token,user.status AS user__status,user.verification AS user__verification FROM `fa_mw_module_relation` `mw_module_relation` LEFT JOIN `fa_mw_module` `mwmodule` ON `mw_module_relation`.`primary_module_id`=`mwmodule`.`id` LEFT JOIN `fa_user` `user` ON `mw_module_relation`.`relation_module_id`=`user`.`id` ORDER BY `mw_module_relation`.`id` DESC LIMIT 0,10 [ RunTime:0.000617s ]
---------------------------------------------------------------
[ 2021-05-31T11:14:22+08:00 ] 127.0.0.1 GET create.com/admin/mw_module_relation/edit/ids/2?dialog=1
[运行时间：0.118129s] [吞吐率：8.47req/s] [内存消耗：4,408.66kb] [文件加载：143]
[ info ] [ BEHAVIOR ] Run Closure @app_init [ RunTime:0.000027s ]
[ info ] [ CACHE ] INIT File
[ info ] [ BEHAVIOR ] Run Closure @app_init [ RunTime:0.001591s ]
[ info ] [ LANG ] D:\phpstudy_pro\WWW\code\create\thinkphp\lang\zh-cn.php
[ info ] [ BEHAVIOR ] Run app\common\behavior\Common @app_dispatch [ RunTime:0.000383s ]
[ info ] [ ROUTE ] array (
  'type' => 'module',
  'module' => 
  array (
    0 => 'admin',
    1 => 'mw_module_relation',
    2 => 'edit',
  ),
)
[ info ] [ HEADER ] array (
  'cookie' => 'uid=1; token=881dede3-390e-4d9b-a269-ee085f4f5609; PHPSESSID=kqics68bg8ev38k1u16dvb171n; think_var=zh-cn',
  'accept-language' => 'zh-CN,zh;q=0.9',
  'accept-encoding' => 'gzip, deflate',
  'accept' => 'text/html,application/xhtml+xml,application/xml;q=0.9,image/webp,image/apng,*/*;q=0.8',
  'user-agent' => 'Mozilla/5.0 (Windows NT 10.0; Win64; x64) AppleWebKit/537.36 (KHTML, like Gecko) Chrome/72.0.3626.121 Safari/537.36',
  'upgrade-insecure-requests' => '1',
  'connection' => 'keep-alive',
  'host' => 'create.com',
  'content-length' => '',
  'content-type' => '',
)
[ info ] [ PARAM ] array (
  'dialog' => '1',
  'ids' => '2',
)
[ info ] [ LANG ] D:\phpstudy_pro\WWW\code\create\public/../application/admin\lang\zh-cn.php
[ info ] [ BEHAVIOR ] Run app\common\behavior\Common @module_init [ RunTime:0.001705s ]
[ info ] [ SESSION ] INIT array (
  'id' => '',
  'var_session_id' => '',
  'prefix' => 'think',
  'type' => '',
  'auto_start' => true,
)
[ info ] [ DB ] INIT mysql
[ info ] [ LANG ] D:\phpstudy_pro\WWW\code\create\public/../application/admin/lang/zh-cn/mw_module_relation.php
[ info ] [ RUN ] app\common\controller\Backend->edit[ D:\phpstudy_pro\WWW\code\create\application\admin\library\traits\Backend.php ]
[ info ] [ VIEW ] D:\phpstudy_pro\WWW\code\create\public/../application/admin\view\mw_module_relation\edit.html [ array (
  0 => 'breadcrumb',
  1 => 'site',
  2 => 'config',
  3 => 'auth',
  4 => 'admin',
  5 => 'row',
) ]
[ info ] [ BEHAVIOR ] Run app\admin\behavior\AdminLog @app_end [ RunTime:0.000310s ]
[ info ] [ LOG ] INIT File
[ sql ] [ DB ] CONNECT:[ UseTime:0.001229s ] mysql:host=127.0.0.1;dbname=fastadmin;charset=utf8mb4
[ sql ] [ SQL ] SHOW COLUMNS FROM `fa_auth_group_access` [ RunTime:0.001406s ]
[ sql ] [ SQL ] SELECT `aga`.`uid`,`aga`.`group_id`,`ag`.`id`,`ag`.`pid`,`ag`.`name`,`ag`.`rules` FROM `fa_auth_group_access` `aga` LEFT JOIN `fa_auth_group` `ag` ON `aga`.`group_id`=`ag`.`id` WHERE  (  aga.uid='1' and ag.status='normal' ) [ RunTime:0.000665s ]
[ sql ] [ SQL ] SHOW COLUMNS FROM `fa_auth_rule` [ RunTime:0.001032s ]
[ sql ] [ SQL ] SELECT `id`,`pid`,`condition`,`icon`,`name`,`title`,`ismenu` FROM `fa_auth_rule` WHERE  `status` = 'normal' [ RunTime:0.000658s ]
[ sql ] [ SQL ] SHOW COLUMNS FROM `fa_mw_module_relation` [ RunTime:0.002551s ]
[ sql ] [ SQL ] SELECT * FROM `fa_mw_module_relation` WHERE  `id` = 2 LIMIT 1 [ RunTime:0.007484s ]
---------------------------------------------------------------
[ 2021-05-31T11:14:22+08:00 ] 127.0.0.1 GET create.com/admin/ajax/lang?callback=define&controllername=mw_module_relation&lang=zh-cn&v=1622430862&v=1622430862
[运行时间：0.059309s] [吞吐率：16.86req/s] [内存消耗：3,554.79kb] [文件加载：137]
[ info ] [ BEHAVIOR ] Run Closure @app_init [ RunTime:0.000018s ]
[ info ] [ CACHE ] INIT File
[ info ] [ BEHAVIOR ] Run Closure @app_init [ RunTime:0.002031s ]
[ info ] [ LANG ] D:\phpstudy_pro\WWW\code\create\thinkphp\lang\zh-cn.php
[ info ] [ BEHAVIOR ] Run app\common\behavior\Common @app_dispatch [ RunTime:0.000650s ]
[ info ] [ ROUTE ] array (
  'type' => 'module',
  'module' => 
  array (
    0 => 'admin',
    1 => 'ajax',
    2 => 'lang',
  ),
)
[ info ] [ HEADER ] array (
  'cookie' => 'uid=1; token=881dede3-390e-4d9b-a269-ee085f4f5609; PHPSESSID=kqics68bg8ev38k1u16dvb171n; think_var=zh-cn',
  'accept-language' => 'zh-CN,zh;q=0.9',
  'accept-encoding' => 'gzip, deflate',
  'accept' => '*/*',
  'user-agent' => 'Mozilla/5.0 (Windows NT 10.0; Win64; x64) AppleWebKit/537.36 (KHTML, like Gecko) Chrome/72.0.3626.121 Safari/537.36',
  'connection' => 'keep-alive',
  'host' => 'create.com',
  'content-length' => '',
  'content-type' => '',
)
[ info ] [ PARAM ] array (
  'callback' => 'define',
  'controllername' => 'mw_module_relation',
  'lang' => 'zh-cn',
  'v' => '1622430862',
)
[ info ] [ LANG ] D:\phpstudy_pro\WWW\code\create\public/../application/admin\lang\zh-cn.php
[ info ] [ BEHAVIOR ] Run app\common\behavior\Common @module_init [ RunTime:0.002121s ]
[ info ] [ SESSION ] INIT array (
  'id' => '',
  'var_session_id' => '',
  'prefix' => 'think',
  'type' => '',
  'auto_start' => true,
)
[ info ] [ LANG ] D:\phpstudy_pro\WWW\code\create\public/../application/admin/lang/zh-cn/ajax.php
[ info ] [ RUN ] app\admin\controller\Ajax->lang[ D:\phpstudy_pro\WWW\code\create\application\admin\controller\Ajax.php ]
[ info ] [ LANG ] D:\phpstudy_pro\WWW\code\create\public/../application/admin/lang/zh-cn/mw_module_relation.php
[ info ] [ BEHAVIOR ] Run app\admin\behavior\AdminLog @app_end [ RunTime:0.000252s ]
[ info ] [ LOG ] INIT File
---------------------------------------------------------------
[ 2021-05-31T11:14:22+08:00 ] 127.0.0.1 POST create.com/admin/mw_module/index
[运行时间：0.136346s] [吞吐率：7.33req/s] [内存消耗：4,429.74kb] [文件加载：144]
[ info ] [ BEHAVIOR ] Run Closure @app_init [ RunTime:0.000016s ]
[ info ] [ CACHE ] INIT File
[ info ] [ BEHAVIOR ] Run Closure @app_init [ RunTime:0.001293s ]
[ info ] [ LANG ] D:\phpstudy_pro\WWW\code\create\thinkphp\lang\zh-cn.php
[ info ] [ BEHAVIOR ] Run app\common\behavior\Common @app_dispatch [ RunTime:0.000286s ]
[ info ] [ ROUTE ] array (
  'type' => 'module',
  'module' => 
  array (
    0 => 'admin',
    1 => 'mw_module',
    2 => 'index',
  ),
)
[ info ] [ HEADER ] array (
  'cookie' => 'uid=1; token=881dede3-390e-4d9b-a269-ee085f4f5609; PHPSESSID=kqics68bg8ev38k1u16dvb171n; think_var=zh-cn',
  'accept-language' => 'zh-CN,zh;q=0.9',
  'accept-encoding' => 'gzip, deflate',
  'content-type' => 'application/x-www-form-urlencoded; charset=UTF-8',
  'user-agent' => 'Mozilla/5.0 (Windows NT 10.0; Win64; x64) AppleWebKit/537.36 (KHTML, like Gecko) Chrome/72.0.3626.121 Safari/537.36',
  'x-requested-with' => 'XMLHttpRequest',
  'origin' => 'http://create.com',
  'accept' => 'application/json, text/javascript, */*; q=0.01',
  'content-length' => '154',
  'connection' => 'keep-alive',
  'host' => 'create.com',
)
[ info ] [ PARAM ] array (
  'searchTable' => 'tbl',
  'searchKey' => 'id',
  'searchValue' => '1',
  'orderBy' => 
  array (
    0 => 
    array (
      0 => 'name',
      1 => 'ASC',
    ),
  ),
  'showField' => 'name',
  'keyField' => 'id',
  'keyValue' => '1',
  'searchField' => 
  array (
    0 => 'name',
  ),
)
[ info ] [ LANG ] D:\phpstudy_pro\WWW\code\create\public/../application/admin\lang\zh-cn.php
[ info ] [ BEHAVIOR ] Run app\common\behavior\Common @module_init [ RunTime:0.001202s ]
[ info ] [ SESSION ] INIT array (
  'id' => '',
  'var_session_id' => '',
  'prefix' => 'think',
  'type' => '',
  'auto_start' => true,
)
[ info ] [ DB ] INIT mysql
[ info ] [ LANG ] D:\phpstudy_pro\WWW\code\create\public/../application/admin/lang/zh-cn/mw_module.php
[ info ] [ RUN ] app\admin\controller\MwModule->index[ D:\phpstudy_pro\WWW\code\create\application\admin\controller\MwModule.php ]
[ info ] [ BEHAVIOR ] Run app\admin\behavior\AdminLog @app_end [ RunTime:0.013166s ]
[ info ] [ LOG ] INIT File
[ sql ] [ DB ] CONNECT:[ UseTime:0.000839s ] mysql:host=127.0.0.1;dbname=fastadmin;charset=utf8mb4
[ sql ] [ SQL ] SHOW COLUMNS FROM `fa_auth_group_access` [ RunTime:0.001107s ]
[ sql ] [ SQL ] SELECT `aga`.`uid`,`aga`.`group_id`,`ag`.`id`,`ag`.`pid`,`ag`.`name`,`ag`.`rules` FROM `fa_auth_group_access` `aga` LEFT JOIN `fa_auth_group` `ag` ON `aga`.`group_id`=`ag`.`id` WHERE  (  aga.uid='1' and ag.status='normal' ) [ RunTime:0.000788s ]
[ sql ] [ SQL ] SHOW COLUMNS FROM `fa_auth_rule` [ RunTime:0.001049s ]
[ sql ] [ SQL ] SELECT `id`,`pid`,`condition`,`icon`,`name`,`title`,`ismenu` FROM `fa_auth_rule` WHERE  `status` = 'normal' [ RunTime:0.000672s ]
[ sql ] [ SQL ] SHOW COLUMNS FROM `fa_mw_module` [ RunTime:0.000941s ]
[ sql ] [ SQL ] SELECT COUNT(*) AS tp_count FROM `fa_mw_module` WHERE  `id` IN (1) LIMIT 1 [ RunTime:0.000301s ]
[ sql ] [ SQL ] SELECT * FROM `fa_mw_module` WHERE  `id` IN (1) ORDER BY FIELD(`id`, '1') LIMIT 0,999999 [ RunTime:0.036096s ]
---------------------------------------------------------------
[ 2021-05-31T11:14:22+08:00 ] 127.0.0.1 POST create.com/admin/mw_module/index
[运行时间：0.184201s] [吞吐率：5.43req/s] [内存消耗：4,429.73kb] [文件加载：144]
[ info ] [ BEHAVIOR ] Run Closure @app_init [ RunTime:0.000017s ]
[ info ] [ CACHE ] INIT File
[ info ] [ BEHAVIOR ] Run Closure @app_init [ RunTime:0.002300s ]
[ info ] [ LANG ] D:\phpstudy_pro\WWW\code\create\thinkphp\lang\zh-cn.php
[ info ] [ BEHAVIOR ] Run app\common\behavior\Common @app_dispatch [ RunTime:0.000267s ]
[ info ] [ ROUTE ] array (
  'type' => 'module',
  'module' => 
  array (
    0 => 'admin',
    1 => 'mw_module',
    2 => 'index',
  ),
)
[ info ] [ HEADER ] array (
  'cookie' => 'uid=1; token=881dede3-390e-4d9b-a269-ee085f4f5609; PHPSESSID=kqics68bg8ev38k1u16dvb171n; think_var=zh-cn',
  'accept-language' => 'zh-CN,zh;q=0.9',
  'accept-encoding' => 'gzip, deflate',
  'content-type' => 'application/x-www-form-urlencoded; charset=UTF-8',
  'user-agent' => 'Mozilla/5.0 (Windows NT 10.0; Win64; x64) AppleWebKit/537.36 (KHTML, like Gecko) Chrome/72.0.3626.121 Safari/537.36',
  'x-requested-with' => 'XMLHttpRequest',
  'origin' => 'http://create.com',
  'accept' => 'application/json, text/javascript, */*; q=0.01',
  'content-length' => '154',
  'connection' => 'keep-alive',
  'host' => 'create.com',
)
[ info ] [ PARAM ] array (
  'searchTable' => 'tbl',
  'searchKey' => 'id',
  'searchValue' => '2',
  'orderBy' => 
  array (
    0 => 
    array (
      0 => 'name',
      1 => 'ASC',
    ),
  ),
  'showField' => 'name',
  'keyField' => 'id',
  'keyValue' => '2',
  'searchField' => 
  array (
    0 => 'name',
  ),
)
[ info ] [ LANG ] D:\phpstudy_pro\WWW\code\create\public/../application/admin\lang\zh-cn.php
[ info ] [ BEHAVIOR ] Run app\common\behavior\Common @module_init [ RunTime:0.001128s ]
[ info ] [ SESSION ] INIT array (
  'id' => '',
  'var_session_id' => '',
  'prefix' => 'think',
  'type' => '',
  'auto_start' => true,
)
[ info ] [ DB ] INIT mysql
[ info ] [ LANG ] D:\phpstudy_pro\WWW\code\create\public/../application/admin/lang/zh-cn/mw_module.php
[ info ] [ RUN ] app\admin\controller\MwModule->index[ D:\phpstudy_pro\WWW\code\create\application\admin\controller\MwModule.php ]
[ info ] [ BEHAVIOR ] Run app\admin\behavior\AdminLog @app_end [ RunTime:0.000578s ]
[ info ] [ LOG ] INIT File
[ sql ] [ DB ] CONNECT:[ UseTime:0.001435s ] mysql:host=127.0.0.1;dbname=fastadmin;charset=utf8mb4
[ sql ] [ SQL ] SHOW COLUMNS FROM `fa_auth_group_access` [ RunTime:0.001386s ]
[ sql ] [ SQL ] SELECT `aga`.`uid`,`aga`.`group_id`,`ag`.`id`,`ag`.`pid`,`ag`.`name`,`ag`.`rules` FROM `fa_auth_group_access` `aga` LEFT JOIN `fa_auth_group` `ag` ON `aga`.`group_id`=`ag`.`id` WHERE  (  aga.uid='1' and ag.status='normal' ) [ RunTime:0.000639s ]
[ sql ] [ SQL ] SHOW COLUMNS FROM `fa_auth_rule` [ RunTime:0.001286s ]
[ sql ] [ SQL ] SELECT `id`,`pid`,`condition`,`icon`,`name`,`title`,`ismenu` FROM `fa_auth_rule` WHERE  `status` = 'normal' [ RunTime:0.000778s ]
[ sql ] [ SQL ] SHOW COLUMNS FROM `fa_mw_module` [ RunTime:0.001288s ]
[ sql ] [ SQL ] SELECT COUNT(*) AS tp_count FROM `fa_mw_module` WHERE  `id` IN (2) LIMIT 1 [ RunTime:0.000488s ]
[ sql ] [ SQL ] SELECT * FROM `fa_mw_module` WHERE  `id` IN (2) ORDER BY FIELD(`id`, '2') LIMIT 0,999999 [ RunTime:0.000572s ]
---------------------------------------------------------------
[ 2021-05-31T11:14:30+08:00 ] 127.0.0.1 POST create.com/admin/mw_module/index
[运行时间：0.102217s] [吞吐率：9.78req/s] [内存消耗：4,434.59kb] [文件加载：144]
[ info ] [ BEHAVIOR ] Run Closure @app_init [ RunTime:0.000024s ]
[ info ] [ CACHE ] INIT File
[ info ] [ BEHAVIOR ] Run Closure @app_init [ RunTime:0.002769s ]
[ info ] [ LANG ] D:\phpstudy_pro\WWW\code\create\thinkphp\lang\zh-cn.php
[ info ] [ BEHAVIOR ] Run app\common\behavior\Common @app_dispatch [ RunTime:0.000463s ]
[ info ] [ ROUTE ] array (
  'type' => 'module',
  'module' => 
  array (
    0 => 'admin',
    1 => 'mw_module',
    2 => 'index',
  ),
)
[ info ] [ HEADER ] array (
  'cookie' => 'uid=1; token=881dede3-390e-4d9b-a269-ee085f4f5609; PHPSESSID=kqics68bg8ev38k1u16dvb171n; think_var=zh-cn',
  'accept-language' => 'zh-CN,zh;q=0.9',
  'accept-encoding' => 'gzip, deflate',
  'content-type' => 'application/x-www-form-urlencoded; charset=UTF-8',
  'user-agent' => 'Mozilla/5.0 (Windows NT 10.0; Win64; x64) AppleWebKit/537.36 (KHTML, like Gecko) Chrome/72.0.3626.121 Safari/537.36',
  'x-requested-with' => 'XMLHttpRequest',
  'origin' => 'http://create.com',
  'accept' => 'application/json, text/javascript, */*; q=0.01',
  'content-length' => '170',
  'connection' => 'keep-alive',
  'host' => 'create.com',
)
[ info ] [ PARAM ] array (
  'q_word' => 
  array (
    0 => '',
  ),
  'pageNumber' => '1',
  'pageSize' => '10',
  'andOr' => 'OR ',
  'orderBy' => 
  array (
    0 => 
    array (
      0 => 'name',
      1 => 'ASC',
    ),
  ),
  'searchTable' => 'tbl',
  'showField' => 'name',
  'keyField' => 'id',
  'searchField' => 
  array (
    0 => 'name',
  ),
  'name' => '',
)
[ info ] [ LANG ] D:\phpstudy_pro\WWW\code\create\public/../application/admin\lang\zh-cn.php
[ info ] [ BEHAVIOR ] Run app\common\behavior\Common @module_init [ RunTime:0.002680s ]
[ info ] [ SESSION ] INIT array (
  'id' => '',
  'var_session_id' => '',
  'prefix' => 'think',
  'type' => '',
  'auto_start' => true,
)
[ info ] [ DB ] INIT mysql
[ info ] [ LANG ] D:\phpstudy_pro\WWW\code\create\public/../application/admin/lang/zh-cn/mw_module.php
[ info ] [ RUN ] app\admin\controller\MwModule->index[ D:\phpstudy_pro\WWW\code\create\application\admin\controller\MwModule.php ]
[ info ] [ BEHAVIOR ] Run app\admin\behavior\AdminLog @app_end [ RunTime:0.000493s ]
[ info ] [ LOG ] INIT File
[ sql ] [ DB ] CONNECT:[ UseTime:0.018014s ] mysql:host=127.0.0.1;dbname=fastadmin;charset=utf8mb4
[ sql ] [ SQL ] SHOW COLUMNS FROM `fa_auth_group_access` [ RunTime:0.002500s ]
[ sql ] [ SQL ] SELECT `aga`.`uid`,`aga`.`group_id`,`ag`.`id`,`ag`.`pid`,`ag`.`name`,`ag`.`rules` FROM `fa_auth_group_access` `aga` LEFT JOIN `fa_auth_group` `ag` ON `aga`.`group_id`=`ag`.`id` WHERE  (  aga.uid='1' and ag.status='normal' ) [ RunTime:0.002040s ]
[ sql ] [ SQL ] SHOW COLUMNS FROM `fa_auth_rule` [ RunTime:0.002405s ]
[ sql ] [ SQL ] SELECT `id`,`pid`,`condition`,`icon`,`name`,`title`,`ismenu` FROM `fa_auth_rule` WHERE  `status` = 'normal' [ RunTime:0.000590s ]
[ sql ] [ SQL ] SHOW COLUMNS FROM `fa_mw_module` [ RunTime:0.001087s ]
[ sql ] [ SQL ] SELECT COUNT(*) AS tp_count FROM `fa_mw_module` LIMIT 1 [ RunTime:0.000417s ]
[ sql ] [ SQL ] SELECT * FROM `fa_mw_module` ORDER BY `name` ASC LIMIT 0,10 [ RunTime:0.000440s ]
---------------------------------------------------------------
[ 2021-05-31T11:14:34+08:00 ] 127.0.0.1 GET create.com/admin/mw_module/index?addtabs=1&sort=id&order=desc&offset=0&limit=10&filter=%7B%7D&op=%7B%7D&_=1622365572683
[运行时间：0.108828s] [吞吐率：9.19req/s] [内存消耗：4,663.77kb] [文件加载：151]
[ info ] [ BEHAVIOR ] Run Closure @app_init [ RunTime:0.000027s ]
[ info ] [ CACHE ] INIT File
[ info ] [ BEHAVIOR ] Run Closure @app_init [ RunTime:0.002203s ]
[ info ] [ LANG ] D:\phpstudy_pro\WWW\code\create\thinkphp\lang\zh-cn.php
[ info ] [ BEHAVIOR ] Run app\common\behavior\Common @app_dispatch [ RunTime:0.000649s ]
[ info ] [ ROUTE ] array (
  'type' => 'module',
  'module' => 
  array (
    0 => 'admin',
    1 => 'mw_module',
    2 => 'index',
  ),
)
[ info ] [ HEADER ] array (
  'cookie' => 'uid=1; token=881dede3-390e-4d9b-a269-ee085f4f5609; PHPSESSID=kqics68bg8ev38k1u16dvb171n; think_var=zh-cn',
  'accept-language' => 'zh-CN,zh;q=0.9',
  'accept-encoding' => 'gzip, deflate',
  'content-type' => 'application/json',
  'user-agent' => 'Mozilla/5.0 (Windows NT 10.0; Win64; x64) AppleWebKit/537.36 (KHTML, like Gecko) Chrome/72.0.3626.121 Safari/537.36',
  'x-requested-with' => 'XMLHttpRequest',
  'accept' => 'application/json, text/javascript, */*; q=0.01',
  'connection' => 'keep-alive',
  'host' => 'create.com',
  'content-length' => '',
)
[ info ] [ PARAM ] array (
  'addtabs' => '1',
  'sort' => 'id',
  'order' => 'desc',
  'offset' => '0',
  'limit' => '10',
  'filter' => '{}',
  'op' => '{}',
  '_' => '1622365572683',
)
[ info ] [ LANG ] D:\phpstudy_pro\WWW\code\create\public/../application/admin\lang\zh-cn.php
[ info ] [ BEHAVIOR ] Run app\common\behavior\Common @module_init [ RunTime:0.001448s ]
[ info ] [ SESSION ] INIT array (
  'id' => '',
  'var_session_id' => '',
  'prefix' => 'think',
  'type' => '',
  'auto_start' => true,
)
[ info ] [ DB ] INIT mysql
[ info ] [ LANG ] D:\phpstudy_pro\WWW\code\create\public/../application/admin/lang/zh-cn/mw_module.php
[ info ] [ RUN ] app\admin\controller\MwModule->index[ D:\phpstudy_pro\WWW\code\create\application\admin\controller\MwModule.php ]
[ info ] [ BEHAVIOR ] Run app\admin\behavior\AdminLog @app_end [ RunTime:0.000202s ]
[ info ] [ LOG ] INIT File
[ sql ] [ DB ] CONNECT:[ UseTime:0.000986s ] mysql:host=127.0.0.1;dbname=fastadmin;charset=utf8mb4
[ sql ] [ SQL ] SHOW COLUMNS FROM `fa_auth_group_access` [ RunTime:0.002655s ]
[ sql ] [ SQL ] SELECT `aga`.`uid`,`aga`.`group_id`,`ag`.`id`,`ag`.`pid`,`ag`.`name`,`ag`.`rules` FROM `fa_auth_group_access` `aga` LEFT JOIN `fa_auth_group` `ag` ON `aga`.`group_id`=`ag`.`id` WHERE  (  aga.uid='1' and ag.status='normal' ) [ RunTime:0.002051s ]
[ sql ] [ SQL ] SHOW COLUMNS FROM `fa_auth_rule` [ RunTime:0.002341s ]
[ sql ] [ SQL ] SELECT `id`,`pid`,`condition`,`icon`,`name`,`title`,`ismenu` FROM `fa_auth_rule` WHERE  `status` = 'normal' [ RunTime:0.000731s ]
[ sql ] [ SQL ] SHOW COLUMNS FROM `fa_mw_module` [ RunTime:0.001113s ]
[ sql ] [ SQL ] SHOW COLUMNS FROM `fa_mw_project` [ RunTime:0.003780s ]
[ sql ] [ SQL ] SHOW COLUMNS FROM `fa_mw_connection` [ RunTime:0.001344s ]
[ sql ] [ SQL ] SELECT COUNT(*) AS tp_count FROM `fa_mw_module` `mw_module` LEFT JOIN `fa_mw_project` `mwproject` ON `mw_module`.`project_id`=`mwproject`.`id` LEFT JOIN `fa_mw_connection` `mwconnection` ON `mw_module`.`connection_id`=`mwconnection`.`id` LIMIT 1 [ RunTime:0.000621s ]
[ sql ] [ SQL ] SELECT `mw_module`.`id`,`mw_module`.`project_id`,`mw_module`.`connection_id`,`mw_module`.`name`,`mw_module`.`table_name`,`mw_module`.`api`,`mw_module`.`create_time`,mwproject.id AS mwproject__id,mwproject.name AS mwproject__name,mwproject.code AS mwproject__code,mwproject.create_time AS mwproject__create_time,mwproject.ce AS mwproject__ce,mwconnection.id AS mwconnection__id,mwconnection.name AS mwconnection__name,mwconnection.type AS mwconnection__type,mwconnection.host AS mwconnection__host,mwconnection.port AS mwconnection__port,mwconnection.user AS mwconnection__user,mwconnection.password AS mwconnection__password,mwconnection.database AS mwconnection__database,mwconnection.create_time AS mwconnection__create_time FROM `fa_mw_module` `mw_module` LEFT JOIN `fa_mw_project` `mwproject` ON `mw_module`.`project_id`=`mwproject`.`id` LEFT JOIN `fa_mw_connection` `mwconnection` ON `mw_module`.`connection_id`=`mwconnection`.`id` ORDER BY `mw_module`.`id` DESC LIMIT 0,10 [ RunTime:0.001033s ]
---------------------------------------------------------------
[ 2021-05-31T11:14:37+08:00 ] 127.0.0.1 GET create.com/admin/mw_module/edit/ids/2?dialog=1
[运行时间：0.098260s] [吞吐率：10.18req/s] [内存消耗：4,409.16kb] [文件加载：143]
[ info ] [ BEHAVIOR ] Run Closure @app_init [ RunTime:0.000017s ]
[ info ] [ CACHE ] INIT File
[ info ] [ BEHAVIOR ] Run Closure @app_init [ RunTime:0.001650s ]
[ info ] [ LANG ] D:\phpstudy_pro\WWW\code\create\thinkphp\lang\zh-cn.php
[ info ] [ BEHAVIOR ] Run app\common\behavior\Common @app_dispatch [ RunTime:0.000264s ]
[ info ] [ ROUTE ] array (
  'type' => 'module',
  'module' => 
  array (
    0 => 'admin',
    1 => 'mw_module',
    2 => 'edit',
  ),
)
[ info ] [ HEADER ] array (
  'cookie' => 'uid=1; token=881dede3-390e-4d9b-a269-ee085f4f5609; PHPSESSID=kqics68bg8ev38k1u16dvb171n; think_var=zh-cn',
  'accept-language' => 'zh-CN,zh;q=0.9',
  'accept-encoding' => 'gzip, deflate',
  'accept' => 'text/html,application/xhtml+xml,application/xml;q=0.9,image/webp,image/apng,*/*;q=0.8',
  'user-agent' => 'Mozilla/5.0 (Windows NT 10.0; Win64; x64) AppleWebKit/537.36 (KHTML, like Gecko) Chrome/72.0.3626.121 Safari/537.36',
  'upgrade-insecure-requests' => '1',
  'connection' => 'keep-alive',
  'host' => 'create.com',
  'content-length' => '',
  'content-type' => '',
)
[ info ] [ PARAM ] array (
  'dialog' => '1',
  'ids' => '2',
)
[ info ] [ LANG ] D:\phpstudy_pro\WWW\code\create\public/../application/admin\lang\zh-cn.php
[ info ] [ BEHAVIOR ] Run app\common\behavior\Common @module_init [ RunTime:0.001117s ]
[ info ] [ SESSION ] INIT array (
  'id' => '',
  'var_session_id' => '',
  'prefix' => 'think',
  'type' => '',
  'auto_start' => true,
)
[ info ] [ DB ] INIT mysql
[ info ] [ LANG ] D:\phpstudy_pro\WWW\code\create\public/../application/admin/lang/zh-cn/mw_module.php
[ info ] [ RUN ] app\common\controller\Backend->edit[ D:\phpstudy_pro\WWW\code\create\application\admin\library\traits\Backend.php ]
[ info ] [ VIEW ] D:\phpstudy_pro\WWW\code\create\public/../application/admin\view\mw_module\edit.html [ array (
  0 => 'breadcrumb',
  1 => 'site',
  2 => 'config',
  3 => 'auth',
  4 => 'admin',
  5 => 'row',
) ]
[ info ] [ BEHAVIOR ] Run app\admin\behavior\AdminLog @app_end [ RunTime:0.000412s ]
[ info ] [ LOG ] INIT File
[ sql ] [ DB ] CONNECT:[ UseTime:0.001149s ] mysql:host=127.0.0.1;dbname=fastadmin;charset=utf8mb4
[ sql ] [ SQL ] SHOW COLUMNS FROM `fa_auth_group_access` [ RunTime:0.004658s ]
[ sql ] [ SQL ] SELECT `aga`.`uid`,`aga`.`group_id`,`ag`.`id`,`ag`.`pid`,`ag`.`name`,`ag`.`rules` FROM `fa_auth_group_access` `aga` LEFT JOIN `fa_auth_group` `ag` ON `aga`.`group_id`=`ag`.`id` WHERE  (  aga.uid='1' and ag.status='normal' ) [ RunTime:0.002620s ]
[ sql ] [ SQL ] SHOW COLUMNS FROM `fa_auth_rule` [ RunTime:0.002333s ]
[ sql ] [ SQL ] SELECT `id`,`pid`,`condition`,`icon`,`name`,`title`,`ismenu` FROM `fa_auth_rule` WHERE  `status` = 'normal' [ RunTime:0.000605s ]
[ sql ] [ SQL ] SHOW COLUMNS FROM `fa_mw_module` [ RunTime:0.002655s ]
[ sql ] [ SQL ] SELECT * FROM `fa_mw_module` WHERE  `id` = 2 LIMIT 1 [ RunTime:0.000459s ]
---------------------------------------------------------------
[ 2021-05-31T11:14:37+08:00 ] 127.0.0.1 GET create.com/admin/ajax/lang?callback=define&controllername=mw_module&lang=zh-cn&v=1622430877&v=1622430877
[运行时间：0.048809s] [吞吐率：20.49req/s] [内存消耗：3,552.91kb] [文件加载：137]
[ info ] [ BEHAVIOR ] Run Closure @app_init [ RunTime:0.000100s ]
[ info ] [ CACHE ] INIT File
[ info ] [ BEHAVIOR ] Run Closure @app_init [ RunTime:0.002033s ]
[ info ] [ LANG ] D:\phpstudy_pro\WWW\code\create\thinkphp\lang\zh-cn.php
[ info ] [ BEHAVIOR ] Run app\common\behavior\Common @app_dispatch [ RunTime:0.000310s ]
[ info ] [ ROUTE ] array (
  'type' => 'module',
  'module' => 
  array (
    0 => 'admin',
    1 => 'ajax',
    2 => 'lang',
  ),
)
[ info ] [ HEADER ] array (
  'cookie' => 'uid=1; token=881dede3-390e-4d9b-a269-ee085f4f5609; PHPSESSID=kqics68bg8ev38k1u16dvb171n; think_var=zh-cn',
  'accept-language' => 'zh-CN,zh;q=0.9',
  'accept-encoding' => 'gzip, deflate',
  'accept' => '*/*',
  'user-agent' => 'Mozilla/5.0 (Windows NT 10.0; Win64; x64) AppleWebKit/537.36 (KHTML, like Gecko) Chrome/72.0.3626.121 Safari/537.36',
  'connection' => 'keep-alive',
  'host' => 'create.com',
  'content-length' => '',
  'content-type' => '',
)
[ info ] [ PARAM ] array (
  'callback' => 'define',
  'controllername' => 'mw_module',
  'lang' => 'zh-cn',
  'v' => '1622430877',
)
[ info ] [ LANG ] D:\phpstudy_pro\WWW\code\create\public/../application/admin\lang\zh-cn.php
[ info ] [ BEHAVIOR ] Run app\common\behavior\Common @module_init [ RunTime:0.001483s ]
[ info ] [ SESSION ] INIT array (
  'id' => '',
  'var_session_id' => '',
  'prefix' => 'think',
  'type' => '',
  'auto_start' => true,
)
[ info ] [ LANG ] D:\phpstudy_pro\WWW\code\create\public/../application/admin/lang/zh-cn/ajax.php
[ info ] [ RUN ] app\admin\controller\Ajax->lang[ D:\phpstudy_pro\WWW\code\create\application\admin\controller\Ajax.php ]
[ info ] [ LANG ] D:\phpstudy_pro\WWW\code\create\public/../application/admin/lang/zh-cn/mw_module.php
[ info ] [ BEHAVIOR ] Run app\admin\behavior\AdminLog @app_end [ RunTime:0.000173s ]
[ info ] [ LOG ] INIT File
---------------------------------------------------------------
[ 2021-05-31T11:14:37+08:00 ] 127.0.0.1 POST create.com/admin/mw_project/index
[运行时间：0.087301s] [吞吐率：11.45req/s] [内存消耗：4,419.25kb] [文件加载：144]
[ info ] [ BEHAVIOR ] Run Closure @app_init [ RunTime:0.000018s ]
[ info ] [ CACHE ] INIT File
[ info ] [ BEHAVIOR ] Run Closure @app_init [ RunTime:0.001331s ]
[ info ] [ LANG ] D:\phpstudy_pro\WWW\code\create\thinkphp\lang\zh-cn.php
[ info ] [ BEHAVIOR ] Run app\common\behavior\Common @app_dispatch [ RunTime:0.000365s ]
[ info ] [ ROUTE ] array (
  'type' => 'module',
  'module' => 
  array (
    0 => 'admin',
    1 => 'mw_project',
    2 => 'index',
  ),
)
[ info ] [ HEADER ] array (
  'cookie' => 'uid=1; token=881dede3-390e-4d9b-a269-ee085f4f5609; PHPSESSID=kqics68bg8ev38k1u16dvb171n; think_var=zh-cn',
  'accept-language' => 'zh-CN,zh;q=0.9',
  'accept-encoding' => 'gzip, deflate',
  'content-type' => 'application/x-www-form-urlencoded; charset=UTF-8',
  'user-agent' => 'Mozilla/5.0 (Windows NT 10.0; Win64; x64) AppleWebKit/537.36 (KHTML, like Gecko) Chrome/72.0.3626.121 Safari/537.36',
  'x-requested-with' => 'XMLHttpRequest',
  'origin' => 'http://create.com',
  'accept' => 'application/json, text/javascript, */*; q=0.01',
  'content-length' => '154',
  'connection' => 'keep-alive',
  'host' => 'create.com',
)
[ info ] [ PARAM ] array (
  'searchTable' => 'tbl',
  'searchKey' => 'id',
  'searchValue' => '1',
  'orderBy' => 
  array (
    0 => 
    array (
      0 => 'name',
      1 => 'ASC',
    ),
  ),
  'showField' => 'name',
  'keyField' => 'id',
  'keyValue' => '1',
  'searchField' => 
  array (
    0 => 'name',
  ),
)
[ info ] [ LANG ] D:\phpstudy_pro\WWW\code\create\public/../application/admin\lang\zh-cn.php
[ info ] [ BEHAVIOR ] Run app\common\behavior\Common @module_init [ RunTime:0.001651s ]
[ info ] [ SESSION ] INIT array (
  'id' => '',
  'var_session_id' => '',
  'prefix' => 'think',
  'type' => '',
  'auto_start' => true,
)
[ info ] [ DB ] INIT mysql
[ info ] [ LANG ] D:\phpstudy_pro\WWW\code\create\public/../application/admin/lang/zh-cn/mw_project.php
[ info ] [ RUN ] app\common\controller\Backend->index[ D:\phpstudy_pro\WWW\code\create\application\admin\library\traits\Backend.php ]
[ info ] [ BEHAVIOR ] Run app\admin\behavior\AdminLog @app_end [ RunTime:0.000920s ]
[ info ] [ LOG ] INIT File
[ sql ] [ DB ] CONNECT:[ UseTime:0.001016s ] mysql:host=127.0.0.1;dbname=fastadmin;charset=utf8mb4
[ sql ] [ SQL ] SHOW COLUMNS FROM `fa_auth_group_access` [ RunTime:0.002485s ]
[ sql ] [ SQL ] SELECT `aga`.`uid`,`aga`.`group_id`,`ag`.`id`,`ag`.`pid`,`ag`.`name`,`ag`.`rules` FROM `fa_auth_group_access` `aga` LEFT JOIN `fa_auth_group` `ag` ON `aga`.`group_id`=`ag`.`id` WHERE  (  aga.uid='1' and ag.status='normal' ) [ RunTime:0.003400s ]
[ sql ] [ SQL ] SHOW COLUMNS FROM `fa_auth_rule` [ RunTime:0.003276s ]
[ sql ] [ SQL ] SELECT `id`,`pid`,`condition`,`icon`,`name`,`title`,`ismenu` FROM `fa_auth_rule` WHERE  `status` = 'normal' [ RunTime:0.000648s ]
[ sql ] [ SQL ] SHOW COLUMNS FROM `fa_mw_project` [ RunTime:0.002504s ]
[ sql ] [ SQL ] SELECT COUNT(*) AS tp_count FROM `fa_mw_project` WHERE  `id` IN (1) LIMIT 1 [ RunTime:0.000323s ]
[ sql ] [ SQL ] SELECT * FROM `fa_mw_project` WHERE  `id` IN (1) ORDER BY FIELD(`id`, '1') LIMIT 0,999999 [ RunTime:0.000230s ]
---------------------------------------------------------------
[ 2021-05-31T11:14:37+08:00 ] 127.0.0.1 POST create.com/admin/mw_connection/index
[运行时间：0.108072s] [吞吐率：9.25req/s] [内存消耗：4,426.20kb] [文件加载：144]
[ info ] [ BEHAVIOR ] Run Closure @app_init [ RunTime:0.000017s ]
[ info ] [ CACHE ] INIT File
[ info ] [ BEHAVIOR ] Run Closure @app_init [ RunTime:0.001485s ]
[ info ] [ LANG ] D:\phpstudy_pro\WWW\code\create\thinkphp\lang\zh-cn.php
[ info ] [ BEHAVIOR ] Run app\common\behavior\Common @app_dispatch [ RunTime:0.000321s ]
[ info ] [ ROUTE ] array (
  'type' => 'module',
  'module' => 
  array (
    0 => 'admin',
    1 => 'mw_connection',
    2 => 'index',
  ),
)
[ info ] [ HEADER ] array (
  'cookie' => 'uid=1; token=881dede3-390e-4d9b-a269-ee085f4f5609; PHPSESSID=kqics68bg8ev38k1u16dvb171n; think_var=zh-cn',
  'accept-language' => 'zh-CN,zh;q=0.9',
  'accept-encoding' => 'gzip, deflate',
  'content-type' => 'application/x-www-form-urlencoded; charset=UTF-8',
  'user-agent' => 'Mozilla/5.0 (Windows NT 10.0; Win64; x64) AppleWebKit/537.36 (KHTML, like Gecko) Chrome/72.0.3626.121 Safari/537.36',
  'x-requested-with' => 'XMLHttpRequest',
  'origin' => 'http://create.com',
  'accept' => 'application/json, text/javascript, */*; q=0.01',
  'content-length' => '154',
  'connection' => 'keep-alive',
  'host' => 'create.com',
)
[ info ] [ PARAM ] array (
  'searchTable' => 'tbl',
  'searchKey' => 'id',
  'searchValue' => '1',
  'orderBy' => 
  array (
    0 => 
    array (
      0 => 'name',
      1 => 'ASC',
    ),
  ),
  'showField' => 'name',
  'keyField' => 'id',
  'keyValue' => '1',
  'searchField' => 
  array (
    0 => 'name',
  ),
)
[ info ] [ LANG ] D:\phpstudy_pro\WWW\code\create\public/../application/admin\lang\zh-cn.php
[ info ] [ BEHAVIOR ] Run app\common\behavior\Common @module_init [ RunTime:0.001650s ]
[ info ] [ SESSION ] INIT array (
  'id' => '',
  'var_session_id' => '',
  'prefix' => 'think',
  'type' => '',
  'auto_start' => true,
)
[ info ] [ DB ] INIT mysql
[ info ] [ LANG ] D:\phpstudy_pro\WWW\code\create\public/../application/admin/lang/zh-cn/mw_connection.php
[ info ] [ RUN ] app\common\controller\Backend->index[ D:\phpstudy_pro\WWW\code\create\application\admin\library\traits\Backend.php ]
[ info ] [ BEHAVIOR ] Run app\admin\behavior\AdminLog @app_end [ RunTime:0.000476s ]
[ info ] [ LOG ] INIT File
[ sql ] [ DB ] CONNECT:[ UseTime:0.000913s ] mysql:host=127.0.0.1;dbname=fastadmin;charset=utf8mb4
[ sql ] [ SQL ] SHOW COLUMNS FROM `fa_auth_group_access` [ RunTime:0.000975s ]
[ sql ] [ SQL ] SELECT `aga`.`uid`,`aga`.`group_id`,`ag`.`id`,`ag`.`pid`,`ag`.`name`,`ag`.`rules` FROM `fa_auth_group_access` `aga` LEFT JOIN `fa_auth_group` `ag` ON `aga`.`group_id`=`ag`.`id` WHERE  (  aga.uid='1' and ag.status='normal' ) [ RunTime:0.000445s ]
[ sql ] [ SQL ] SHOW COLUMNS FROM `fa_auth_rule` [ RunTime:0.000771s ]
[ sql ] [ SQL ] SELECT `id`,`pid`,`condition`,`icon`,`name`,`title`,`ismenu` FROM `fa_auth_rule` WHERE  `status` = 'normal' [ RunTime:0.000737s ]
[ sql ] [ SQL ] SHOW COLUMNS FROM `fa_mw_connection` [ RunTime:0.003171s ]
[ sql ] [ SQL ] SELECT COUNT(*) AS tp_count FROM `fa_mw_connection` WHERE  `id` IN (1) LIMIT 1 [ RunTime:0.000592s ]
[ sql ] [ SQL ] SELECT * FROM `fa_mw_connection` WHERE  `id` IN (1) ORDER BY FIELD(`id`, '1') LIMIT 0,999999 [ RunTime:0.000646s ]
---------------------------------------------------------------
[ 2021-05-31T11:14:45+08:00 ] 127.0.0.1 POST create.com/admin/mw_module/edit/ids/2?dialog=1
[运行时间：0.210384s] [吞吐率：4.75req/s] [内存消耗：4,412.91kb] [文件加载：145]
[ info ] [ BEHAVIOR ] Run Closure @app_init [ RunTime:0.000032s ]
[ info ] [ CACHE ] INIT File
[ info ] [ BEHAVIOR ] Run Closure @app_init [ RunTime:0.002518s ]
[ info ] [ LANG ] D:\phpstudy_pro\WWW\code\create\thinkphp\lang\zh-cn.php
[ info ] [ BEHAVIOR ] Run app\common\behavior\Common @app_dispatch [ RunTime:0.000532s ]
[ info ] [ ROUTE ] array (
  'type' => 'module',
  'module' => 
  array (
    0 => 'admin',
    1 => 'mw_module',
    2 => 'edit',
  ),
)
[ info ] [ HEADER ] array (
  'cookie' => 'uid=1; token=881dede3-390e-4d9b-a269-ee085f4f5609; PHPSESSID=kqics68bg8ev38k1u16dvb171n; think_var=zh-cn',
  'accept-language' => 'zh-CN,zh;q=0.9',
  'accept-encoding' => 'gzip, deflate',
  'content-type' => 'application/x-www-form-urlencoded; charset=UTF-8',
  'user-agent' => 'Mozilla/5.0 (Windows NT 10.0; Win64; x64) AppleWebKit/537.36 (KHTML, like Gecko) Chrome/72.0.3626.121 Safari/537.36',
  'x-requested-with' => 'XMLHttpRequest',
  'origin' => 'http://create.com',
  'accept' => 'application/json, text/javascript, */*; q=0.01',
  'content-length' => '256',
  'connection' => 'keep-alive',
  'host' => 'create.com',
)
[ info ] [ PARAM ] array (
  'dialog' => '1',
  'row' => 
  array (
    'project_id' => '1',
    'connection_id' => '1',
    'name' => 'device',
    'table_name' => 'rs_device',
    'api' => '',
    'create_time' => '2021-05-21 19:55:00',
  ),
  'ids' => '2',
)
[ info ] [ LANG ] D:\phpstudy_pro\WWW\code\create\public/../application/admin\lang\zh-cn.php
[ info ] [ BEHAVIOR ] Run app\common\behavior\Common @module_init [ RunTime:0.001198s ]
[ info ] [ SESSION ] INIT array (
  'id' => '',
  'var_session_id' => '',
  'prefix' => 'think',
  'type' => '',
  'auto_start' => true,
)
[ info ] [ DB ] INIT mysql
[ info ] [ LANG ] D:\phpstudy_pro\WWW\code\create\public/../application/admin/lang/zh-cn/mw_module.php
[ info ] [ RUN ] app\common\controller\Backend->edit[ D:\phpstudy_pro\WWW\code\create\application\admin\library\traits\Backend.php ]
[ info ] [ BEHAVIOR ] Run app\admin\behavior\AdminLog @app_end [ RunTime:0.043686s ]
[ info ] [ LOG ] INIT File
[ sql ] [ DB ] CONNECT:[ UseTime:0.000910s ] mysql:host=127.0.0.1;dbname=fastadmin;charset=utf8mb4
[ sql ] [ SQL ] SHOW COLUMNS FROM `fa_auth_group_access` [ RunTime:0.002508s ]
[ sql ] [ SQL ] SELECT `aga`.`uid`,`aga`.`group_id`,`ag`.`id`,`ag`.`pid`,`ag`.`name`,`ag`.`rules` FROM `fa_auth_group_access` `aga` LEFT JOIN `fa_auth_group` `ag` ON `aga`.`group_id`=`ag`.`id` WHERE  (  aga.uid='1' and ag.status='normal' ) [ RunTime:0.003325s ]
[ sql ] [ SQL ] SHOW COLUMNS FROM `fa_auth_rule` [ RunTime:0.001269s ]
[ sql ] [ SQL ] SELECT `id`,`pid`,`condition`,`icon`,`name`,`title`,`ismenu` FROM `fa_auth_rule` WHERE  `status` = 'normal' [ RunTime:0.000581s ]
[ sql ] [ SQL ] SHOW COLUMNS FROM `fa_mw_module` [ RunTime:0.000948s ]
[ sql ] [ SQL ] SELECT * FROM `fa_mw_module` WHERE  `id` = 2 LIMIT 1 [ RunTime:0.000318s ]
[ sql ] [ SQL ] UPDATE `fa_mw_module`  SET `name`='device'  WHERE  `id` = 2 [ RunTime:0.000901s ]
[ sql ] [ SQL ] SHOW COLUMNS FROM `fa_admin_log` [ RunTime:0.002675s ]
[ sql ] [ SQL ] INSERT INTO `fa_admin_log` (`title` , `content` , `url` , `admin_id` , `username` , `useragent` , `ip` , `createtime`) VALUES ('主模块 / 编辑' , '{\"dialog\":\"1\",\"row\":{\"project_id\":\"1\",\"connection_id\":\"1\",\"name\":\"device\",\"table_name\":\"rs_device\",\"api\":\"\",\"create_time\":\"2021-05-21 19:55:00\"},\"ids\":\"2\"}' , '/admin/mw_module/edit/ids/2?dialog=1' , 1 , 'admin' , 'Mozilla/5.0 (Windows NT 10.0; Win64; x64) AppleWebKit/537.36 (KHTML, like Gecko) Chrome/72.0.3626.121 Safari/537.36' , '127.0.0.1' , 1622430885) [ RunTime:0.039839s ]
---------------------------------------------------------------
[ 2021-05-31T11:14:45+08:00 ] 127.0.0.1 GET create.com/admin/mw_module/index?addtabs=1&sort=id&order=desc&offset=0&limit=10&filter=%7B%7D&op=%7B%7D&_=1622365572684
[运行时间：0.080693s] [吞吐率：12.39req/s] [内存消耗：4,663.76kb] [文件加载：151]
[ info ] [ BEHAVIOR ] Run Closure @app_init [ RunTime:0.000018s ]
[ info ] [ CACHE ] INIT File
[ info ] [ BEHAVIOR ] Run Closure @app_init [ RunTime:0.001334s ]
[ info ] [ LANG ] D:\phpstudy_pro\WWW\code\create\thinkphp\lang\zh-cn.php
[ info ] [ BEHAVIOR ] Run app\common\behavior\Common @app_dispatch [ RunTime:0.000410s ]
[ info ] [ ROUTE ] array (
  'type' => 'module',
  'module' => 
  array (
    0 => 'admin',
    1 => 'mw_module',
    2 => 'index',
  ),
)
[ info ] [ HEADER ] array (
  'cookie' => 'uid=1; token=881dede3-390e-4d9b-a269-ee085f4f5609; PHPSESSID=kqics68bg8ev38k1u16dvb171n; think_var=zh-cn',
  'accept-language' => 'zh-CN,zh;q=0.9',
  'accept-encoding' => 'gzip, deflate',
  'content-type' => 'application/json',
  'user-agent' => 'Mozilla/5.0 (Windows NT 10.0; Win64; x64) AppleWebKit/537.36 (KHTML, like Gecko) Chrome/72.0.3626.121 Safari/537.36',
  'x-requested-with' => 'XMLHttpRequest',
  'accept' => 'application/json, text/javascript, */*; q=0.01',
  'connection' => 'keep-alive',
  'host' => 'create.com',
  'content-length' => '',
)
[ info ] [ PARAM ] array (
  'addtabs' => '1',
  'sort' => 'id',
  'order' => 'desc',
  'offset' => '0',
  'limit' => '10',
  'filter' => '{}',
  'op' => '{}',
  '_' => '1622365572684',
)
[ info ] [ LANG ] D:\phpstudy_pro\WWW\code\create\public/../application/admin\lang\zh-cn.php
[ info ] [ BEHAVIOR ] Run app\common\behavior\Common @module_init [ RunTime:0.001571s ]
[ info ] [ SESSION ] INIT array (
  'id' => '',
  'var_session_id' => '',
  'prefix' => 'think',
  'type' => '',
  'auto_start' => true,
)
[ info ] [ DB ] INIT mysql
[ info ] [ LANG ] D:\phpstudy_pro\WWW\code\create\public/../application/admin/lang/zh-cn/mw_module.php
[ info ] [ RUN ] app\admin\controller\MwModule->index[ D:\phpstudy_pro\WWW\code\create\application\admin\controller\MwModule.php ]
[ info ] [ BEHAVIOR ] Run app\admin\behavior\AdminLog @app_end [ RunTime:0.000252s ]
[ info ] [ LOG ] INIT File
[ sql ] [ DB ] CONNECT:[ UseTime:0.000909s ] mysql:host=127.0.0.1;dbname=fastadmin;charset=utf8mb4
[ sql ] [ SQL ] SHOW COLUMNS FROM `fa_auth_group_access` [ RunTime:0.000779s ]
[ sql ] [ SQL ] SELECT `aga`.`uid`,`aga`.`group_id`,`ag`.`id`,`ag`.`pid`,`ag`.`name`,`ag`.`rules` FROM `fa_auth_group_access` `aga` LEFT JOIN `fa_auth_group` `ag` ON `aga`.`group_id`=`ag`.`id` WHERE  (  aga.uid='1' and ag.status='normal' ) [ RunTime:0.000584s ]
[ sql ] [ SQL ] SHOW COLUMNS FROM `fa_auth_rule` [ RunTime:0.002526s ]
[ sql ] [ SQL ] SELECT `id`,`pid`,`condition`,`icon`,`name`,`title`,`ismenu` FROM `fa_auth_rule` WHERE  `status` = 'normal' [ RunTime:0.001272s ]
[ sql ] [ SQL ] SHOW COLUMNS FROM `fa_mw_module` [ RunTime:0.000896s ]
[ sql ] [ SQL ] SHOW COLUMNS FROM `fa_mw_project` [ RunTime:0.000853s ]
[ sql ] [ SQL ] SHOW COLUMNS FROM `fa_mw_connection` [ RunTime:0.000833s ]
[ sql ] [ SQL ] SELECT COUNT(*) AS tp_count FROM `fa_mw_module` `mw_module` LEFT JOIN `fa_mw_project` `mwproject` ON `mw_module`.`project_id`=`mwproject`.`id` LEFT JOIN `fa_mw_connection` `mwconnection` ON `mw_module`.`connection_id`=`mwconnection`.`id` LIMIT 1 [ RunTime:0.000478s ]
[ sql ] [ SQL ] SELECT `mw_module`.`id`,`mw_module`.`project_id`,`mw_module`.`connection_id`,`mw_module`.`name`,`mw_module`.`table_name`,`mw_module`.`api`,`mw_module`.`create_time`,mwproject.id AS mwproject__id,mwproject.name AS mwproject__name,mwproject.code AS mwproject__code,mwproject.create_time AS mwproject__create_time,mwproject.ce AS mwproject__ce,mwconnection.id AS mwconnection__id,mwconnection.name AS mwconnection__name,mwconnection.type AS mwconnection__type,mwconnection.host AS mwconnection__host,mwconnection.port AS mwconnection__port,mwconnection.user AS mwconnection__user,mwconnection.password AS mwconnection__password,mwconnection.database AS mwconnection__database,mwconnection.create_time AS mwconnection__create_time FROM `fa_mw_module` `mw_module` LEFT JOIN `fa_mw_project` `mwproject` ON `mw_module`.`project_id`=`mwproject`.`id` LEFT JOIN `fa_mw_connection` `mwconnection` ON `mw_module`.`connection_id`=`mwconnection`.`id` ORDER BY `mw_module`.`id` DESC LIMIT 0,10 [ RunTime:0.001796s ]
---------------------------------------------------------------
[ 2021-05-31T11:14:47+08:00 ] 127.0.0.1 GET create.com/admin/mw_module_relation/index?addtabs=1&sort=id&order=desc&offset=0&limit=10&filter=%7B%7D&op=%7B%7D&_=1622430859704
[运行时间：0.096097s] [吞吐率：10.41req/s] [内存消耗：4,701.82kb] [文件加载：151]
[ info ] [ BEHAVIOR ] Run Closure @app_init [ RunTime:0.000022s ]
[ info ] [ CACHE ] INIT File
[ info ] [ BEHAVIOR ] Run Closure @app_init [ RunTime:0.001909s ]
[ info ] [ LANG ] D:\phpstudy_pro\WWW\code\create\thinkphp\lang\zh-cn.php
[ info ] [ BEHAVIOR ] Run app\common\behavior\Common @app_dispatch [ RunTime:0.000260s ]
[ info ] [ ROUTE ] array (
  'type' => 'module',
  'module' => 
  array (
    0 => 'admin',
    1 => 'mw_module_relation',
    2 => 'index',
  ),
)
[ info ] [ HEADER ] array (
  'cookie' => 'uid=1; token=881dede3-390e-4d9b-a269-ee085f4f5609; PHPSESSID=kqics68bg8ev38k1u16dvb171n; think_var=zh-cn',
  'accept-language' => 'zh-CN,zh;q=0.9',
  'accept-encoding' => 'gzip, deflate',
  'content-type' => 'application/json',
  'user-agent' => 'Mozilla/5.0 (Windows NT 10.0; Win64; x64) AppleWebKit/537.36 (KHTML, like Gecko) Chrome/72.0.3626.121 Safari/537.36',
  'x-requested-with' => 'XMLHttpRequest',
  'accept' => 'application/json, text/javascript, */*; q=0.01',
  'connection' => 'keep-alive',
  'host' => 'create.com',
  'content-length' => '',
)
[ info ] [ PARAM ] array (
  'addtabs' => '1',
  'sort' => 'id',
  'order' => 'desc',
  'offset' => '0',
  'limit' => '10',
  'filter' => '{}',
  'op' => '{}',
  '_' => '1622430859704',
)
[ info ] [ LANG ] D:\phpstudy_pro\WWW\code\create\public/../application/admin\lang\zh-cn.php
[ info ] [ BEHAVIOR ] Run app\common\behavior\Common @module_init [ RunTime:0.001174s ]
[ info ] [ SESSION ] INIT array (
  'id' => '',
  'var_session_id' => '',
  'prefix' => 'think',
  'type' => '',
  'auto_start' => true,
)
[ info ] [ DB ] INIT mysql
[ info ] [ LANG ] D:\phpstudy_pro\WWW\code\create\public/../application/admin/lang/zh-cn/mw_module_relation.php
[ info ] [ RUN ] app\admin\controller\MwModuleRelation->index[ D:\phpstudy_pro\WWW\code\create\application\admin\controller\MwModuleRelation.php ]
[ info ] [ BEHAVIOR ] Run app\admin\behavior\AdminLog @app_end [ RunTime:0.000165s ]
[ info ] [ LOG ] INIT File
[ sql ] [ DB ] CONNECT:[ UseTime:0.010331s ] mysql:host=127.0.0.1;dbname=fastadmin;charset=utf8mb4
[ sql ] [ SQL ] SHOW COLUMNS FROM `fa_auth_group_access` [ RunTime:0.001553s ]
[ sql ] [ SQL ] SELECT `aga`.`uid`,`aga`.`group_id`,`ag`.`id`,`ag`.`pid`,`ag`.`name`,`ag`.`rules` FROM `fa_auth_group_access` `aga` LEFT JOIN `fa_auth_group` `ag` ON `aga`.`group_id`=`ag`.`id` WHERE  (  aga.uid='1' and ag.status='normal' ) [ RunTime:0.000724s ]
[ sql ] [ SQL ] SHOW COLUMNS FROM `fa_auth_rule` [ RunTime:0.001190s ]
[ sql ] [ SQL ] SELECT `id`,`pid`,`condition`,`icon`,`name`,`title`,`ismenu` FROM `fa_auth_rule` WHERE  `status` = 'normal' [ RunTime:0.000825s ]
[ sql ] [ SQL ] SHOW COLUMNS FROM `fa_mw_module_relation` [ RunTime:0.003717s ]
[ sql ] [ SQL ] SHOW COLUMNS FROM `fa_mw_module` [ RunTime:0.000964s ]
[ sql ] [ SQL ] SHOW COLUMNS FROM `fa_user` [ RunTime:0.002429s ]
[ sql ] [ SQL ] SELECT COUNT(*) AS tp_count FROM `fa_mw_module_relation` `mw_module_relation` LEFT JOIN `fa_mw_module` `mwmodule` ON `mw_module_relation`.`primary_module_id`=`mwmodule`.`id` LEFT JOIN `fa_user` `user` ON `mw_module_relation`.`relation_module_id`=`user`.`id` LIMIT 1 [ RunTime:0.000552s ]
[ sql ] [ SQL ] SELECT `mw_module_relation`.`id`,`mw_module_relation`.`primary_module_id`,`mw_module_relation`.`relation_module_id`,`mw_module_relation`.`relation_condition`,`mw_module_relation`.`create_time`,mwmodule.id AS mwmodule__id,mwmodule.project_id AS mwmodule__project_id,mwmodule.connection_id AS mwmodule__connection_id,mwmodule.name AS mwmodule__name,mwmodule.table_name AS mwmodule__table_name,mwmodule.api AS mwmodule__api,mwmodule.create_time AS mwmodule__create_time,user.id AS user__id,user.group_id AS user__group_id,user.username AS user__username,user.nickname AS user__nickname,user.password AS user__password,user.salt AS user__salt,user.email AS user__email,user.mobile AS user__mobile,user.avatar AS user__avatar,user.level AS user__level,user.gender AS user__gender,user.birthday AS user__birthday,user.bio AS user__bio,user.money AS user__money,user.score AS user__score,user.successions AS user__successions,user.maxsuccessions AS user__maxsuccessions,user.prevtime AS user__prevtime,user.logintime AS user__logintime,user.loginip AS user__loginip,user.loginfailure AS user__loginfailure,user.joinip AS user__joinip,user.jointime AS user__jointime,user.createtime AS user__createtime,user.updatetime AS user__updatetime,user.token AS user__token,user.status AS user__status,user.verification AS user__verification FROM `fa_mw_module_relation` `mw_module_relation` LEFT JOIN `fa_mw_module` `mwmodule` ON `mw_module_relation`.`primary_module_id`=`mwmodule`.`id` LEFT JOIN `fa_user` `user` ON `mw_module_relation`.`relation_module_id`=`user`.`id` ORDER BY `mw_module_relation`.`id` DESC LIMIT 0,10 [ RunTime:0.000588s ]
---------------------------------------------------------------
[ 2021-05-31T11:14:49+08:00 ] 127.0.0.1 GET create.com/admin/mw_module_relation/edit/ids/2?dialog=1
[运行时间：0.069274s] [吞吐率：14.44req/s] [内存消耗：4,408.66kb] [文件加载：143]
[ info ] [ BEHAVIOR ] Run Closure @app_init [ RunTime:0.000015s ]
[ info ] [ CACHE ] INIT File
[ info ] [ BEHAVIOR ] Run Closure @app_init [ RunTime:0.001421s ]
[ info ] [ LANG ] D:\phpstudy_pro\WWW\code\create\thinkphp\lang\zh-cn.php
[ info ] [ BEHAVIOR ] Run app\common\behavior\Common @app_dispatch [ RunTime:0.000261s ]
[ info ] [ ROUTE ] array (
  'type' => 'module',
  'module' => 
  array (
    0 => 'admin',
    1 => 'mw_module_relation',
    2 => 'edit',
  ),
)
[ info ] [ HEADER ] array (
  'cookie' => 'uid=1; token=881dede3-390e-4d9b-a269-ee085f4f5609; PHPSESSID=kqics68bg8ev38k1u16dvb171n; think_var=zh-cn',
  'accept-language' => 'zh-CN,zh;q=0.9',
  'accept-encoding' => 'gzip, deflate',
  'accept' => 'text/html,application/xhtml+xml,application/xml;q=0.9,image/webp,image/apng,*/*;q=0.8',
  'user-agent' => 'Mozilla/5.0 (Windows NT 10.0; Win64; x64) AppleWebKit/537.36 (KHTML, like Gecko) Chrome/72.0.3626.121 Safari/537.36',
  'upgrade-insecure-requests' => '1',
  'connection' => 'keep-alive',
  'host' => 'create.com',
  'content-length' => '',
  'content-type' => '',
)
[ info ] [ PARAM ] array (
  'dialog' => '1',
  'ids' => '2',
)
[ info ] [ LANG ] D:\phpstudy_pro\WWW\code\create\public/../application/admin\lang\zh-cn.php
[ info ] [ BEHAVIOR ] Run app\common\behavior\Common @module_init [ RunTime:0.001147s ]
[ info ] [ SESSION ] INIT array (
  'id' => '',
  'var_session_id' => '',
  'prefix' => 'think',
  'type' => '',
  'auto_start' => true,
)
[ info ] [ DB ] INIT mysql
[ info ] [ LANG ] D:\phpstudy_pro\WWW\code\create\public/../application/admin/lang/zh-cn/mw_module_relation.php
[ info ] [ RUN ] app\common\controller\Backend->edit[ D:\phpstudy_pro\WWW\code\create\application\admin\library\traits\Backend.php ]
[ info ] [ VIEW ] D:\phpstudy_pro\WWW\code\create\public/../application/admin\view\mw_module_relation\edit.html [ array (
  0 => 'breadcrumb',
  1 => 'site',
  2 => 'config',
  3 => 'auth',
  4 => 'admin',
  5 => 'row',
) ]
[ info ] [ BEHAVIOR ] Run app\admin\behavior\AdminLog @app_end [ RunTime:0.000186s ]
[ info ] [ LOG ] INIT File
[ sql ] [ DB ] CONNECT:[ UseTime:0.001107s ] mysql:host=127.0.0.1;dbname=fastadmin;charset=utf8mb4
[ sql ] [ SQL ] SHOW COLUMNS FROM `fa_auth_group_access` [ RunTime:0.000862s ]
[ sql ] [ SQL ] SELECT `aga`.`uid`,`aga`.`group_id`,`ag`.`id`,`ag`.`pid`,`ag`.`name`,`ag`.`rules` FROM `fa_auth_group_access` `aga` LEFT JOIN `fa_auth_group` `ag` ON `aga`.`group_id`=`ag`.`id` WHERE  (  aga.uid='1' and ag.status='normal' ) [ RunTime:0.000681s ]
[ sql ] [ SQL ] SHOW COLUMNS FROM `fa_auth_rule` [ RunTime:0.001870s ]
[ sql ] [ SQL ] SELECT `id`,`pid`,`condition`,`icon`,`name`,`title`,`ismenu` FROM `fa_auth_rule` WHERE  `status` = 'normal' [ RunTime:0.000841s ]
[ sql ] [ SQL ] SHOW COLUMNS FROM `fa_mw_module_relation` [ RunTime:0.002312s ]
[ sql ] [ SQL ] SELECT * FROM `fa_mw_module_relation` WHERE  `id` = 2 LIMIT 1 [ RunTime:0.000351s ]
---------------------------------------------------------------
[ 2021-05-31T11:14:49+08:00 ] 127.0.0.1 GET create.com/admin/ajax/lang?callback=define&controllername=mw_module_relation&lang=zh-cn&v=1622430889&v=1622430889
[运行时间：0.066718s] [吞吐率：14.99req/s] [内存消耗：3,554.79kb] [文件加载：137]
[ info ] [ BEHAVIOR ] Run Closure @app_init [ RunTime:0.000027s ]
[ info ] [ CACHE ] INIT File
[ info ] [ BEHAVIOR ] Run Closure @app_init [ RunTime:0.002472s ]
[ info ] [ LANG ] D:\phpstudy_pro\WWW\code\create\thinkphp\lang\zh-cn.php
[ info ] [ BEHAVIOR ] Run app\common\behavior\Common @app_dispatch [ RunTime:0.000515s ]
[ info ] [ ROUTE ] array (
  'type' => 'module',
  'module' => 
  array (
    0 => 'admin',
    1 => 'ajax',
    2 => 'lang',
  ),
)
[ info ] [ HEADER ] array (
  'cookie' => 'uid=1; token=881dede3-390e-4d9b-a269-ee085f4f5609; PHPSESSID=kqics68bg8ev38k1u16dvb171n; think_var=zh-cn',
  'accept-language' => 'zh-CN,zh;q=0.9',
  'accept-encoding' => 'gzip, deflate',
  'accept' => '*/*',
  'user-agent' => 'Mozilla/5.0 (Windows NT 10.0; Win64; x64) AppleWebKit/537.36 (KHTML, like Gecko) Chrome/72.0.3626.121 Safari/537.36',
  'connection' => 'keep-alive',
  'host' => 'create.com',
  'content-length' => '',
  'content-type' => '',
)
[ info ] [ PARAM ] array (
  'callback' => 'define',
  'controllername' => 'mw_module_relation',
  'lang' => 'zh-cn',
  'v' => '1622430889',
)
[ info ] [ LANG ] D:\phpstudy_pro\WWW\code\create\public/../application/admin\lang\zh-cn.php
[ info ] [ BEHAVIOR ] Run app\common\behavior\Common @module_init [ RunTime:0.002655s ]
[ info ] [ SESSION ] INIT array (
  'id' => '',
  'var_session_id' => '',
  'prefix' => 'think',
  'type' => '',
  'auto_start' => true,
)
[ info ] [ LANG ] D:\phpstudy_pro\WWW\code\create\public/../application/admin/lang/zh-cn/ajax.php
[ info ] [ RUN ] app\admin\controller\Ajax->lang[ D:\phpstudy_pro\WWW\code\create\application\admin\controller\Ajax.php ]
[ info ] [ LANG ] D:\phpstudy_pro\WWW\code\create\public/../application/admin/lang/zh-cn/mw_module_relation.php
[ info ] [ BEHAVIOR ] Run app\admin\behavior\AdminLog @app_end [ RunTime:0.000821s ]
[ info ] [ LOG ] INIT File
---------------------------------------------------------------
[ 2021-05-31T11:14:49+08:00 ] 127.0.0.1 POST create.com/admin/mw_module/index
[运行时间：0.083365s] [吞吐率：12.00req/s] [内存消耗：4,429.74kb] [文件加载：144]
[ info ] [ BEHAVIOR ] Run Closure @app_init [ RunTime:0.000026s ]
[ info ] [ CACHE ] INIT File
[ info ] [ BEHAVIOR ] Run Closure @app_init [ RunTime:0.006699s ]
[ info ] [ LANG ] D:\phpstudy_pro\WWW\code\create\thinkphp\lang\zh-cn.php
[ info ] [ BEHAVIOR ] Run app\common\behavior\Common @app_dispatch [ RunTime:0.000413s ]
[ info ] [ ROUTE ] array (
  'type' => 'module',
  'module' => 
  array (
    0 => 'admin',
    1 => 'mw_module',
    2 => 'index',
  ),
)
[ info ] [ HEADER ] array (
  'cookie' => 'uid=1; token=881dede3-390e-4d9b-a269-ee085f4f5609; PHPSESSID=kqics68bg8ev38k1u16dvb171n; think_var=zh-cn',
  'accept-language' => 'zh-CN,zh;q=0.9',
  'accept-encoding' => 'gzip, deflate',
  'content-type' => 'application/x-www-form-urlencoded; charset=UTF-8',
  'user-agent' => 'Mozilla/5.0 (Windows NT 10.0; Win64; x64) AppleWebKit/537.36 (KHTML, like Gecko) Chrome/72.0.3626.121 Safari/537.36',
  'x-requested-with' => 'XMLHttpRequest',
  'origin' => 'http://create.com',
  'accept' => 'application/json, text/javascript, */*; q=0.01',
  'content-length' => '154',
  'connection' => 'keep-alive',
  'host' => 'create.com',
)
[ info ] [ PARAM ] array (
  'searchTable' => 'tbl',
  'searchKey' => 'id',
  'searchValue' => '1',
  'orderBy' => 
  array (
    0 => 
    array (
      0 => 'name',
      1 => 'ASC',
    ),
  ),
  'showField' => 'name',
  'keyField' => 'id',
  'keyValue' => '1',
  'searchField' => 
  array (
    0 => 'name',
  ),
)
[ info ] [ LANG ] D:\phpstudy_pro\WWW\code\create\public/../application/admin\lang\zh-cn.php
[ info ] [ BEHAVIOR ] Run app\common\behavior\Common @module_init [ RunTime:0.002052s ]
[ info ] [ SESSION ] INIT array (
  'id' => '',
  'var_session_id' => '',
  'prefix' => 'think',
  'type' => '',
  'auto_start' => true,
)
[ info ] [ DB ] INIT mysql
[ info ] [ LANG ] D:\phpstudy_pro\WWW\code\create\public/../application/admin/lang/zh-cn/mw_module.php
[ info ] [ RUN ] app\admin\controller\MwModule->index[ D:\phpstudy_pro\WWW\code\create\application\admin\controller\MwModule.php ]
[ info ] [ BEHAVIOR ] Run app\admin\behavior\AdminLog @app_end [ RunTime:0.000481s ]
[ info ] [ LOG ] INIT File
[ sql ] [ DB ] CONNECT:[ UseTime:0.001024s ] mysql:host=127.0.0.1;dbname=fastadmin;charset=utf8mb4
[ sql ] [ SQL ] SHOW COLUMNS FROM `fa_auth_group_access` [ RunTime:0.001186s ]
[ sql ] [ SQL ] SELECT `aga`.`uid`,`aga`.`group_id`,`ag`.`id`,`ag`.`pid`,`ag`.`name`,`ag`.`rules` FROM `fa_auth_group_access` `aga` LEFT JOIN `fa_auth_group` `ag` ON `aga`.`group_id`=`ag`.`id` WHERE  (  aga.uid='1' and ag.status='normal' ) [ RunTime:0.000529s ]
[ sql ] [ SQL ] SHOW COLUMNS FROM `fa_auth_rule` [ RunTime:0.000993s ]
[ sql ] [ SQL ] SELECT `id`,`pid`,`condition`,`icon`,`name`,`title`,`ismenu` FROM `fa_auth_rule` WHERE  `status` = 'normal' [ RunTime:0.000632s ]
[ sql ] [ SQL ] SHOW COLUMNS FROM `fa_mw_module` [ RunTime:0.001016s ]
[ sql ] [ SQL ] SELECT COUNT(*) AS tp_count FROM `fa_mw_module` WHERE  `id` IN (1) LIMIT 1 [ RunTime:0.000290s ]
[ sql ] [ SQL ] SELECT * FROM `fa_mw_module` WHERE  `id` IN (1) ORDER BY FIELD(`id`, '1') LIMIT 0,999999 [ RunTime:0.000262s ]
---------------------------------------------------------------
[ 2021-05-31T11:14:49+08:00 ] 127.0.0.1 POST create.com/admin/mw_module/index
[运行时间：0.107846s] [吞吐率：9.27req/s] [内存消耗：4,429.73kb] [文件加载：144]
[ info ] [ BEHAVIOR ] Run Closure @app_init [ RunTime:0.000036s ]
[ info ] [ CACHE ] INIT File
[ info ] [ BEHAVIOR ] Run Closure @app_init [ RunTime:0.002093s ]
[ info ] [ LANG ] D:\phpstudy_pro\WWW\code\create\thinkphp\lang\zh-cn.php
[ info ] [ BEHAVIOR ] Run app\common\behavior\Common @app_dispatch [ RunTime:0.000545s ]
[ info ] [ ROUTE ] array (
  'type' => 'module',
  'module' => 
  array (
    0 => 'admin',
    1 => 'mw_module',
    2 => 'index',
  ),
)
[ info ] [ HEADER ] array (
  'cookie' => 'uid=1; token=881dede3-390e-4d9b-a269-ee085f4f5609; PHPSESSID=kqics68bg8ev38k1u16dvb171n; think_var=zh-cn',
  'accept-language' => 'zh-CN,zh;q=0.9',
  'accept-encoding' => 'gzip, deflate',
  'content-type' => 'application/x-www-form-urlencoded; charset=UTF-8',
  'user-agent' => 'Mozilla/5.0 (Windows NT 10.0; Win64; x64) AppleWebKit/537.36 (KHTML, like Gecko) Chrome/72.0.3626.121 Safari/537.36',
  'x-requested-with' => 'XMLHttpRequest',
  'origin' => 'http://create.com',
  'accept' => 'application/json, text/javascript, */*; q=0.01',
  'content-length' => '154',
  'connection' => 'keep-alive',
  'host' => 'create.com',
)
[ info ] [ PARAM ] array (
  'searchTable' => 'tbl',
  'searchKey' => 'id',
  'searchValue' => '2',
  'orderBy' => 
  array (
    0 => 
    array (
      0 => 'name',
      1 => 'ASC',
    ),
  ),
  'showField' => 'name',
  'keyField' => 'id',
  'keyValue' => '2',
  'searchField' => 
  array (
    0 => 'name',
  ),
)
[ info ] [ LANG ] D:\phpstudy_pro\WWW\code\create\public/../application/admin\lang\zh-cn.php
[ info ] [ BEHAVIOR ] Run app\common\behavior\Common @module_init [ RunTime:0.001805s ]
[ info ] [ SESSION ] INIT array (
  'id' => '',
  'var_session_id' => '',
  'prefix' => 'think',
  'type' => '',
  'auto_start' => true,
)
[ info ] [ DB ] INIT mysql
[ info ] [ LANG ] D:\phpstudy_pro\WWW\code\create\public/../application/admin/lang/zh-cn/mw_module.php
[ info ] [ RUN ] app\admin\controller\MwModule->index[ D:\phpstudy_pro\WWW\code\create\application\admin\controller\MwModule.php ]
[ info ] [ BEHAVIOR ] Run app\admin\behavior\AdminLog @app_end [ RunTime:0.000460s ]
[ info ] [ LOG ] INIT File
[ sql ] [ DB ] CONNECT:[ UseTime:0.000885s ] mysql:host=127.0.0.1;dbname=fastadmin;charset=utf8mb4
[ sql ] [ SQL ] SHOW COLUMNS FROM `fa_auth_group_access` [ RunTime:0.003315s ]
[ sql ] [ SQL ] SELECT `aga`.`uid`,`aga`.`group_id`,`ag`.`id`,`ag`.`pid`,`ag`.`name`,`ag`.`rules` FROM `fa_auth_group_access` `aga` LEFT JOIN `fa_auth_group` `ag` ON `aga`.`group_id`=`ag`.`id` WHERE  (  aga.uid='1' and ag.status='normal' ) [ RunTime:0.003021s ]
[ sql ] [ SQL ] SHOW COLUMNS FROM `fa_auth_rule` [ RunTime:0.003486s ]
[ sql ] [ SQL ] SELECT `id`,`pid`,`condition`,`icon`,`name`,`title`,`ismenu` FROM `fa_auth_rule` WHERE  `status` = 'normal' [ RunTime:0.000587s ]
[ sql ] [ SQL ] SHOW COLUMNS FROM `fa_mw_module` [ RunTime:0.003836s ]
[ sql ] [ SQL ] SELECT COUNT(*) AS tp_count FROM `fa_mw_module` WHERE  `id` IN (2) LIMIT 1 [ RunTime:0.000456s ]
[ sql ] [ SQL ] SELECT * FROM `fa_mw_module` WHERE  `id` IN (2) ORDER BY FIELD(`id`, '2') LIMIT 0,999999 [ RunTime:0.000327s ]
---------------------------------------------------------------
[ 2021-05-31T11:14:51+08:00 ] 127.0.0.1 POST create.com/admin/mw_module/index
[运行时间：0.077281s] [吞吐率：12.94req/s] [内存消耗：4,434.58kb] [文件加载：144]
[ info ] [ BEHAVIOR ] Run Closure @app_init [ RunTime:0.000017s ]
[ info ] [ CACHE ] INIT File
[ info ] [ BEHAVIOR ] Run Closure @app_init [ RunTime:0.001263s ]
[ info ] [ LANG ] D:\phpstudy_pro\WWW\code\create\thinkphp\lang\zh-cn.php
[ info ] [ BEHAVIOR ] Run app\common\behavior\Common @app_dispatch [ RunTime:0.000321s ]
[ info ] [ ROUTE ] array (
  'type' => 'module',
  'module' => 
  array (
    0 => 'admin',
    1 => 'mw_module',
    2 => 'index',
  ),
)
[ info ] [ HEADER ] array (
  'cookie' => 'uid=1; token=881dede3-390e-4d9b-a269-ee085f4f5609; PHPSESSID=kqics68bg8ev38k1u16dvb171n; think_var=zh-cn',
  'accept-language' => 'zh-CN,zh;q=0.9',
  'accept-encoding' => 'gzip, deflate',
  'content-type' => 'application/x-www-form-urlencoded; charset=UTF-8',
  'user-agent' => 'Mozilla/5.0 (Windows NT 10.0; Win64; x64) AppleWebKit/537.36 (KHTML, like Gecko) Chrome/72.0.3626.121 Safari/537.36',
  'x-requested-with' => 'XMLHttpRequest',
  'origin' => 'http://create.com',
  'accept' => 'application/json, text/javascript, */*; q=0.01',
  'content-length' => '170',
  'connection' => 'keep-alive',
  'host' => 'create.com',
)
[ info ] [ PARAM ] array (
  'q_word' => 
  array (
    0 => '',
  ),
  'pageNumber' => '1',
  'pageSize' => '10',
  'andOr' => 'OR ',
  'orderBy' => 
  array (
    0 => 
    array (
      0 => 'name',
      1 => 'ASC',
    ),
  ),
  'searchTable' => 'tbl',
  'showField' => 'name',
  'keyField' => 'id',
  'searchField' => 
  array (
    0 => 'name',
  ),
  'name' => '',
)
[ info ] [ LANG ] D:\phpstudy_pro\WWW\code\create\public/../application/admin\lang\zh-cn.php
[ info ] [ BEHAVIOR ] Run app\common\behavior\Common @module_init [ RunTime:0.002165s ]
[ info ] [ SESSION ] INIT array (
  'id' => '',
  'var_session_id' => '',
  'prefix' => 'think',
  'type' => '',
  'auto_start' => true,
)
[ info ] [ DB ] INIT mysql
[ info ] [ LANG ] D:\phpstudy_pro\WWW\code\create\public/../application/admin/lang/zh-cn/mw_module.php
[ info ] [ RUN ] app\admin\controller\MwModule->index[ D:\phpstudy_pro\WWW\code\create\application\admin\controller\MwModule.php ]
[ info ] [ BEHAVIOR ] Run app\admin\behavior\AdminLog @app_end [ RunTime:0.000495s ]
[ info ] [ LOG ] INIT File
[ sql ] [ DB ] CONNECT:[ UseTime:0.001000s ] mysql:host=127.0.0.1;dbname=fastadmin;charset=utf8mb4
[ sql ] [ SQL ] SHOW COLUMNS FROM `fa_auth_group_access` [ RunTime:0.000831s ]
[ sql ] [ SQL ] SELECT `aga`.`uid`,`aga`.`group_id`,`ag`.`id`,`ag`.`pid`,`ag`.`name`,`ag`.`rules` FROM `fa_auth_group_access` `aga` LEFT JOIN `fa_auth_group` `ag` ON `aga`.`group_id`=`ag`.`id` WHERE  (  aga.uid='1' and ag.status='normal' ) [ RunTime:0.000479s ]
[ sql ] [ SQL ] SHOW COLUMNS FROM `fa_auth_rule` [ RunTime:0.000864s ]
[ sql ] [ SQL ] SELECT `id`,`pid`,`condition`,`icon`,`name`,`title`,`ismenu` FROM `fa_auth_rule` WHERE  `status` = 'normal' [ RunTime:0.000555s ]
[ sql ] [ SQL ] SHOW COLUMNS FROM `fa_mw_module` [ RunTime:0.000866s ]
[ sql ] [ SQL ] SELECT COUNT(*) AS tp_count FROM `fa_mw_module` LIMIT 1 [ RunTime:0.000421s ]
[ sql ] [ SQL ] SELECT * FROM `fa_mw_module` ORDER BY `name` ASC LIMIT 0,10 [ RunTime:0.000738s ]
---------------------------------------------------------------
[ 2021-05-31T11:37:21+08:00 ] 127.0.0.1 GET create.com/admin/index/middleware
[运行时间：0.139602s] [吞吐率：7.16req/s] [内存消耗：4,369.84kb] [文件加载：143]
[ info ] [ BEHAVIOR ] Run Closure @app_init [ RunTime:0.000021s ]
[ info ] [ CACHE ] INIT File
[ info ] [ BEHAVIOR ] Run Closure @app_init [ RunTime:0.001965s ]
[ info ] [ LANG ] D:\phpstudy_pro\WWW\code\create\thinkphp\lang\zh-cn.php
[ info ] [ BEHAVIOR ] Run app\common\behavior\Common @app_dispatch [ RunTime:0.000503s ]
[ info ] [ ROUTE ] array (
  'type' => 'module',
  'module' => 
  array (
    0 => 'admin',
    1 => 'index',
    2 => 'middleware',
  ),
)
[ info ] [ HEADER ] array (
  'cookie' => 'PHPSESSID=8ujvl84g6sc2ntvi27atrfkm26',
  'connection' => 'keep-alive',
  'accept-encoding' => 'gzip, deflate, br',
  'host' => 'create.com',
  'postman-token' => 'a3900017-e901-4fb6-aa41-67e5a0853e98',
  'cache-control' => 'no-cache',
  'accept' => '*/*',
  'user-agent' => 'PostmanRuntime/7.26.8',
  'content-length' => '',
  'content-type' => '',
)
[ info ] [ PARAM ] array (
)
[ info ] [ LANG ] D:\phpstudy_pro\WWW\code\create\public/../application/admin\lang\zh-cn.php
[ info ] [ BEHAVIOR ] Run app\common\behavior\Common @module_init [ RunTime:0.001448s ]
[ info ] [ SESSION ] INIT array (
  'id' => '',
  'var_session_id' => '',
  'prefix' => 'think',
  'type' => '',
  'auto_start' => true,
)
[ info ] [ LANG ] D:\phpstudy_pro\WWW\code\create\public/../application/admin/lang/zh-cn/index.php
[ info ] [ RUN ] app\admin\controller\Index->middleware[ D:\phpstudy_pro\WWW\code\create\application\admin\controller\Index.php ]
[ info ] [ DB ] INIT mysql
[ info ] [ DB ] INIT mysql
[ info ] [ LOG ] INIT File
[ sql ] [ DB ] CONNECT:[ UseTime:0.001525s ] mysql:host=127.0.0.1;dbname=fastadmin;charset=utf8mb4
[ sql ] [ SQL ] SHOW COLUMNS FROM `fa_mw_connection` [ RunTime:0.001457s ]
[ sql ] [ SQL ] SELECT `c`.* FROM `fa_mw_connection` `c` LEFT JOIN `fa_mw_module` `m` ON `m`.`connection_id`=`c`.`id` LEFT JOIN `fa_mw_project` `p` ON `m`.`project_id`=`p`.`id` WHERE  `p`.`code` = 'P001'  AND `m`.`name` = 'room' LIMIT 1 [ RunTime:0.002780s ]
[ sql ] [ SQL ] SHOW COLUMNS FROM `fa_mw_module` [ RunTime:0.001694s ]
[ sql ] [ SQL ] SELECT * FROM `fa_mw_module` `m` LEFT JOIN `fa_mw_project` `p` ON `m`.`project_id`=`p`.`id` WHERE  `p`.`code` = 'P001'  AND `m`.`name` = 'room' LIMIT 1 [ RunTime:0.000940s ]
---------------------------------------------------------------
[ 2021-05-31T11:38:47+08:00 ] 127.0.0.1 GET create.com/admin/mw_module_relation/edit/ids/2?dialog=1
[运行时间：0.089217s] [吞吐率：11.21req/s] [内存消耗：4,410.19kb] [文件加载：143]
[ info ] [ BEHAVIOR ] Run Closure @app_init [ RunTime:0.000020s ]
[ info ] [ CACHE ] INIT File
[ info ] [ BEHAVIOR ] Run Closure @app_init [ RunTime:0.001763s ]
[ info ] [ LANG ] D:\phpstudy_pro\WWW\code\create\thinkphp\lang\zh-cn.php
[ info ] [ BEHAVIOR ] Run app\common\behavior\Common @app_dispatch [ RunTime:0.000430s ]
[ info ] [ ROUTE ] array (
  'type' => 'module',
  'module' => 
  array (
    0 => 'admin',
    1 => 'mw_module_relation',
    2 => 'edit',
  ),
)
[ info ] [ HEADER ] array (
  'cookie' => 'uid=1; token=881dede3-390e-4d9b-a269-ee085f4f5609; PHPSESSID=kqics68bg8ev38k1u16dvb171n; think_var=zh-cn',
  'accept-language' => 'zh-CN,zh;q=0.9',
  'accept-encoding' => 'gzip, deflate',
  'accept' => 'text/html,application/xhtml+xml,application/xml;q=0.9,image/webp,image/apng,*/*;q=0.8',
  'user-agent' => 'Mozilla/5.0 (Windows NT 10.0; Win64; x64) AppleWebKit/537.36 (KHTML, like Gecko) Chrome/72.0.3626.121 Safari/537.36',
  'upgrade-insecure-requests' => '1',
  'connection' => 'keep-alive',
  'host' => 'create.com',
  'content-length' => '',
  'content-type' => '',
)
[ info ] [ PARAM ] array (
  'dialog' => '1',
  'ids' => '2',
)
[ info ] [ LANG ] D:\phpstudy_pro\WWW\code\create\public/../application/admin\lang\zh-cn.php
[ info ] [ BEHAVIOR ] Run app\common\behavior\Common @module_init [ RunTime:0.001315s ]
[ info ] [ SESSION ] INIT array (
  'id' => '',
  'var_session_id' => '',
  'prefix' => 'think',
  'type' => '',
  'auto_start' => true,
)
[ info ] [ DB ] INIT mysql
[ info ] [ LANG ] D:\phpstudy_pro\WWW\code\create\public/../application/admin/lang/zh-cn/mw_module_relation.php
[ info ] [ RUN ] app\common\controller\Backend->edit[ D:\phpstudy_pro\WWW\code\create\application\admin\library\traits\Backend.php ]
[ info ] [ VIEW ] D:\phpstudy_pro\WWW\code\create\public/../application/admin\view\mw_module_relation\edit.html [ array (
  0 => 'breadcrumb',
  1 => 'site',
  2 => 'config',
  3 => 'auth',
  4 => 'admin',
  5 => 'row',
) ]
[ info ] [ BEHAVIOR ] Run app\admin\behavior\AdminLog @app_end [ RunTime:0.000283s ]
[ info ] [ LOG ] INIT File
[ sql ] [ DB ] CONNECT:[ UseTime:0.001171s ] mysql:host=127.0.0.1;dbname=fastadmin;charset=utf8mb4
[ sql ] [ SQL ] SHOW COLUMNS FROM `fa_auth_group_access` [ RunTime:0.000971s ]
[ sql ] [ SQL ] SELECT `aga`.`uid`,`aga`.`group_id`,`ag`.`id`,`ag`.`pid`,`ag`.`name`,`ag`.`rules` FROM `fa_auth_group_access` `aga` LEFT JOIN `fa_auth_group` `ag` ON `aga`.`group_id`=`ag`.`id` WHERE  (  aga.uid='1' and ag.status='normal' ) [ RunTime:0.000678s ]
[ sql ] [ SQL ] SHOW COLUMNS FROM `fa_auth_rule` [ RunTime:0.001378s ]
[ sql ] [ SQL ] SELECT `id`,`pid`,`condition`,`icon`,`name`,`title`,`ismenu` FROM `fa_auth_rule` WHERE  `status` = 'normal' [ RunTime:0.000655s ]
[ sql ] [ SQL ] SHOW COLUMNS FROM `fa_mw_module_relation` [ RunTime:0.002351s ]
[ sql ] [ SQL ] SELECT * FROM `fa_mw_module_relation` WHERE  `id` = 2 LIMIT 1 [ RunTime:0.000423s ]
---------------------------------------------------------------
[ 2021-05-31T11:38:47+08:00 ] 127.0.0.1 GET create.com/admin/ajax/lang?callback=define&controllername=mw_module_relation&lang=zh-cn&v=1622432327&v=1622432327
[运行时间：0.066039s] [吞吐率：15.14req/s] [内存消耗：3,554.79kb] [文件加载：137]
[ info ] [ BEHAVIOR ] Run Closure @app_init [ RunTime:0.000040s ]
[ info ] [ CACHE ] INIT File
[ info ] [ BEHAVIOR ] Run Closure @app_init [ RunTime:0.001716s ]
[ info ] [ LANG ] D:\phpstudy_pro\WWW\code\create\thinkphp\lang\zh-cn.php
[ info ] [ BEHAVIOR ] Run app\common\behavior\Common @app_dispatch [ RunTime:0.000275s ]
[ info ] [ ROUTE ] array (
  'type' => 'module',
  'module' => 
  array (
    0 => 'admin',
    1 => 'ajax',
    2 => 'lang',
  ),
)
[ info ] [ HEADER ] array (
  'cookie' => 'uid=1; token=881dede3-390e-4d9b-a269-ee085f4f5609; PHPSESSID=kqics68bg8ev38k1u16dvb171n; think_var=zh-cn',
  'accept-language' => 'zh-CN,zh;q=0.9',
  'accept-encoding' => 'gzip, deflate',
  'accept' => '*/*',
  'user-agent' => 'Mozilla/5.0 (Windows NT 10.0; Win64; x64) AppleWebKit/537.36 (KHTML, like Gecko) Chrome/72.0.3626.121 Safari/537.36',
  'connection' => 'keep-alive',
  'host' => 'create.com',
  'content-length' => '',
  'content-type' => '',
)
[ info ] [ PARAM ] array (
  'callback' => 'define',
  'controllername' => 'mw_module_relation',
  'lang' => 'zh-cn',
  'v' => '1622432327',
)
[ info ] [ LANG ] D:\phpstudy_pro\WWW\code\create\public/../application/admin\lang\zh-cn.php
[ info ] [ BEHAVIOR ] Run app\common\behavior\Common @module_init [ RunTime:0.001850s ]
[ info ] [ SESSION ] INIT array (
  'id' => '',
  'var_session_id' => '',
  'prefix' => 'think',
  'type' => '',
  'auto_start' => true,
)
[ info ] [ LANG ] D:\phpstudy_pro\WWW\code\create\public/../application/admin/lang/zh-cn/ajax.php
[ info ] [ RUN ] app\admin\controller\Ajax->lang[ D:\phpstudy_pro\WWW\code\create\application\admin\controller\Ajax.php ]
[ info ] [ LANG ] D:\phpstudy_pro\WWW\code\create\public/../application/admin/lang/zh-cn/mw_module_relation.php
[ info ] [ BEHAVIOR ] Run app\admin\behavior\AdminLog @app_end [ RunTime:0.000284s ]
[ info ] [ LOG ] INIT File
---------------------------------------------------------------
[ 2021-05-31T11:38:47+08:00 ] 127.0.0.1 POST create.com/admin/mw_module/index
[运行时间：0.104342s] [吞吐率：9.58req/s] [内存消耗：4,429.48kb] [文件加载：144]
[ info ] [ BEHAVIOR ] Run Closure @app_init [ RunTime:0.000037s ]
[ info ] [ CACHE ] INIT File
[ info ] [ BEHAVIOR ] Run Closure @app_init [ RunTime:0.002536s ]
[ info ] [ LANG ] D:\phpstudy_pro\WWW\code\create\thinkphp\lang\zh-cn.php
[ info ] [ BEHAVIOR ] Run app\common\behavior\Common @app_dispatch [ RunTime:0.000616s ]
[ info ] [ ROUTE ] array (
  'type' => 'module',
  'module' => 
  array (
    0 => 'admin',
    1 => 'mw_module',
    2 => 'index',
  ),
)
[ info ] [ HEADER ] array (
  'cookie' => 'uid=1; token=881dede3-390e-4d9b-a269-ee085f4f5609; PHPSESSID=kqics68bg8ev38k1u16dvb171n; think_var=zh-cn',
  'accept-language' => 'zh-CN,zh;q=0.9',
  'accept-encoding' => 'gzip, deflate',
  'content-type' => 'application/x-www-form-urlencoded; charset=UTF-8',
  'user-agent' => 'Mozilla/5.0 (Windows NT 10.0; Win64; x64) AppleWebKit/537.36 (KHTML, like Gecko) Chrome/72.0.3626.121 Safari/537.36',
  'x-requested-with' => 'XMLHttpRequest',
  'origin' => 'http://create.com',
  'accept' => 'application/json, text/javascript, */*; q=0.01',
  'content-length' => '154',
  'connection' => 'keep-alive',
  'host' => 'create.com',
)
[ info ] [ PARAM ] array (
  'searchTable' => 'tbl',
  'searchKey' => 'id',
  'searchValue' => '2',
  'orderBy' => 
  array (
    0 => 
    array (
      0 => 'name',
      1 => 'ASC',
    ),
  ),
  'showField' => 'name',
  'keyField' => 'id',
  'keyValue' => '2',
  'searchField' => 
  array (
    0 => 'name',
  ),
)
[ info ] [ LANG ] D:\phpstudy_pro\WWW\code\create\public/../application/admin\lang\zh-cn.php
[ info ] [ BEHAVIOR ] Run app\common\behavior\Common @module_init [ RunTime:0.002360s ]
[ info ] [ SESSION ] INIT array (
  'id' => '',
  'var_session_id' => '',
  'prefix' => 'think',
  'type' => '',
  'auto_start' => true,
)
[ info ] [ DB ] INIT mysql
[ info ] [ LANG ] D:\phpstudy_pro\WWW\code\create\public/../application/admin/lang/zh-cn/mw_module.php
[ info ] [ RUN ] app\admin\controller\MwModule->index[ D:\phpstudy_pro\WWW\code\create\application\admin\controller\MwModule.php ]
[ info ] [ BEHAVIOR ] Run app\admin\behavior\AdminLog @app_end [ RunTime:0.001096s ]
[ info ] [ LOG ] INIT File
[ sql ] [ DB ] CONNECT:[ UseTime:0.001223s ] mysql:host=127.0.0.1;dbname=fastadmin;charset=utf8mb4
[ sql ] [ SQL ] SHOW COLUMNS FROM `fa_auth_group_access` [ RunTime:0.001118s ]
[ sql ] [ SQL ] SELECT `aga`.`uid`,`aga`.`group_id`,`ag`.`id`,`ag`.`pid`,`ag`.`name`,`ag`.`rules` FROM `fa_auth_group_access` `aga` LEFT JOIN `fa_auth_group` `ag` ON `aga`.`group_id`=`ag`.`id` WHERE  (  aga.uid='1' and ag.status='normal' ) [ RunTime:0.000500s ]
[ sql ] [ SQL ] SHOW COLUMNS FROM `fa_auth_rule` [ RunTime:0.001097s ]
[ sql ] [ SQL ] SELECT `id`,`pid`,`condition`,`icon`,`name`,`title`,`ismenu` FROM `fa_auth_rule` WHERE  `status` = 'normal' [ RunTime:0.000720s ]
[ sql ] [ SQL ] SHOW COLUMNS FROM `fa_mw_module` [ RunTime:0.001973s ]
[ sql ] [ SQL ] SELECT COUNT(*) AS tp_count FROM `fa_mw_module` WHERE  `id` IN (2) LIMIT 1 [ RunTime:0.000473s ]
[ sql ] [ SQL ] SELECT * FROM `fa_mw_module` WHERE  `id` IN (2) ORDER BY FIELD(`id`, '2') LIMIT 0,999999 [ RunTime:0.000525s ]
---------------------------------------------------------------
[ 2021-05-31T11:38:47+08:00 ] 127.0.0.1 POST create.com/admin/mw_module/index
[运行时间：0.143825s] [吞吐率：6.95req/s] [内存消耗：4,429.49kb] [文件加载：144]
[ info ] [ BEHAVIOR ] Run Closure @app_init [ RunTime:0.000024s ]
[ info ] [ CACHE ] INIT File
[ info ] [ BEHAVIOR ] Run Closure @app_init [ RunTime:0.006858s ]
[ info ] [ LANG ] D:\phpstudy_pro\WWW\code\create\thinkphp\lang\zh-cn.php
[ info ] [ BEHAVIOR ] Run app\common\behavior\Common @app_dispatch [ RunTime:0.000548s ]
[ info ] [ ROUTE ] array (
  'type' => 'module',
  'module' => 
  array (
    0 => 'admin',
    1 => 'mw_module',
    2 => 'index',
  ),
)
[ info ] [ HEADER ] array (
  'cookie' => 'uid=1; token=881dede3-390e-4d9b-a269-ee085f4f5609; PHPSESSID=kqics68bg8ev38k1u16dvb171n; think_var=zh-cn',
  'accept-language' => 'zh-CN,zh;q=0.9',
  'accept-encoding' => 'gzip, deflate',
  'content-type' => 'application/x-www-form-urlencoded; charset=UTF-8',
  'user-agent' => 'Mozilla/5.0 (Windows NT 10.0; Win64; x64) AppleWebKit/537.36 (KHTML, like Gecko) Chrome/72.0.3626.121 Safari/537.36',
  'x-requested-with' => 'XMLHttpRequest',
  'origin' => 'http://create.com',
  'accept' => 'application/json, text/javascript, */*; q=0.01',
  'content-length' => '154',
  'connection' => 'keep-alive',
  'host' => 'create.com',
)
[ info ] [ PARAM ] array (
  'searchTable' => 'tbl',
  'searchKey' => 'id',
  'searchValue' => '1',
  'orderBy' => 
  array (
    0 => 
    array (
      0 => 'name',
      1 => 'ASC',
    ),
  ),
  'showField' => 'name',
  'keyField' => 'id',
  'keyValue' => '1',
  'searchField' => 
  array (
    0 => 'name',
  ),
)
[ info ] [ LANG ] D:\phpstudy_pro\WWW\code\create\public/../application/admin\lang\zh-cn.php
[ info ] [ BEHAVIOR ] Run app\common\behavior\Common @module_init [ RunTime:0.002366s ]
[ info ] [ SESSION ] INIT array (
  'id' => '',
  'var_session_id' => '',
  'prefix' => 'think',
  'type' => '',
  'auto_start' => true,
)
[ info ] [ DB ] INIT mysql
[ info ] [ LANG ] D:\phpstudy_pro\WWW\code\create\public/../application/admin/lang/zh-cn/mw_module.php
[ info ] [ RUN ] app\admin\controller\MwModule->index[ D:\phpstudy_pro\WWW\code\create\application\admin\controller\MwModule.php ]
[ info ] [ BEHAVIOR ] Run app\admin\behavior\AdminLog @app_end [ RunTime:0.000867s ]
[ info ] [ LOG ] INIT File
[ sql ] [ DB ] CONNECT:[ UseTime:0.001008s ] mysql:host=127.0.0.1;dbname=fastadmin;charset=utf8mb4
[ sql ] [ SQL ] SHOW COLUMNS FROM `fa_auth_group_access` [ RunTime:0.000875s ]
[ sql ] [ SQL ] SELECT `aga`.`uid`,`aga`.`group_id`,`ag`.`id`,`ag`.`pid`,`ag`.`name`,`ag`.`rules` FROM `fa_auth_group_access` `aga` LEFT JOIN `fa_auth_group` `ag` ON `aga`.`group_id`=`ag`.`id` WHERE  (  aga.uid='1' and ag.status='normal' ) [ RunTime:0.000407s ]
[ sql ] [ SQL ] SHOW COLUMNS FROM `fa_auth_rule` [ RunTime:0.000878s ]
[ sql ] [ SQL ] SELECT `id`,`pid`,`condition`,`icon`,`name`,`title`,`ismenu` FROM `fa_auth_rule` WHERE  `status` = 'normal' [ RunTime:0.000616s ]
[ sql ] [ SQL ] SHOW COLUMNS FROM `fa_mw_module` [ RunTime:0.000902s ]
[ sql ] [ SQL ] SELECT COUNT(*) AS tp_count FROM `fa_mw_module` WHERE  `id` IN (1) LIMIT 1 [ RunTime:0.000274s ]
[ sql ] [ SQL ] SELECT * FROM `fa_mw_module` WHERE  `id` IN (1) ORDER BY FIELD(`id`, '1') LIMIT 0,999999 [ RunTime:0.000408s ]
---------------------------------------------------------------
[ 2021-05-31T14:13:00+08:00 ] 127.0.0.1 POST create.com/admin/mw_module/index
[运行时间：0.098446s] [吞吐率：10.16req/s] [内存消耗：4,434.33kb] [文件加载：144]
[ info ] [ BEHAVIOR ] Run Closure @app_init [ RunTime:0.000047s ]
[ info ] [ CACHE ] INIT File
[ info ] [ BEHAVIOR ] Run Closure @app_init [ RunTime:0.001831s ]
[ info ] [ LANG ] D:\phpstudy_pro\WWW\code\create\thinkphp\lang\zh-cn.php
[ info ] [ BEHAVIOR ] Run app\common\behavior\Common @app_dispatch [ RunTime:0.000461s ]
[ info ] [ ROUTE ] array (
  'type' => 'module',
  'module' => 
  array (
    0 => 'admin',
    1 => 'mw_module',
    2 => 'index',
  ),
)
[ info ] [ HEADER ] array (
  'cookie' => 'uid=1; token=881dede3-390e-4d9b-a269-ee085f4f5609; PHPSESSID=kqics68bg8ev38k1u16dvb171n; think_var=zh-cn',
  'accept-language' => 'zh-CN,zh;q=0.9',
  'accept-encoding' => 'gzip, deflate',
  'content-type' => 'application/x-www-form-urlencoded; charset=UTF-8',
  'user-agent' => 'Mozilla/5.0 (Windows NT 10.0; Win64; x64) AppleWebKit/537.36 (KHTML, like Gecko) Chrome/72.0.3626.121 Safari/537.36',
  'x-requested-with' => 'XMLHttpRequest',
  'origin' => 'http://create.com',
  'accept' => 'application/json, text/javascript, */*; q=0.01',
  'content-length' => '170',
  'connection' => 'keep-alive',
  'host' => 'create.com',
)
[ info ] [ PARAM ] array (
  'q_word' => 
  array (
    0 => '',
  ),
  'pageNumber' => '1',
  'pageSize' => '10',
  'andOr' => 'OR ',
  'orderBy' => 
  array (
    0 => 
    array (
      0 => 'name',
      1 => 'ASC',
    ),
  ),
  'searchTable' => 'tbl',
  'showField' => 'name',
  'keyField' => 'id',
  'searchField' => 
  array (
    0 => 'name',
  ),
  'name' => '',
)
[ info ] [ LANG ] D:\phpstudy_pro\WWW\code\create\public/../application/admin\lang\zh-cn.php
[ info ] [ BEHAVIOR ] Run app\common\behavior\Common @module_init [ RunTime:0.001349s ]
[ info ] [ SESSION ] INIT array (
  'id' => '',
  'var_session_id' => '',
  'prefix' => 'think',
  'type' => '',
  'auto_start' => true,
)
[ info ] [ DB ] INIT mysql
[ info ] [ LANG ] D:\phpstudy_pro\WWW\code\create\public/../application/admin/lang/zh-cn/mw_module.php
[ info ] [ RUN ] app\admin\controller\MwModule->index[ D:\phpstudy_pro\WWW\code\create\application\admin\controller\MwModule.php ]
[ info ] [ BEHAVIOR ] Run app\admin\behavior\AdminLog @app_end [ RunTime:0.000669s ]
[ info ] [ LOG ] INIT File
[ sql ] [ DB ] CONNECT:[ UseTime:0.001345s ] mysql:host=127.0.0.1;dbname=fastadmin;charset=utf8mb4
[ sql ] [ SQL ] SHOW COLUMNS FROM `fa_auth_group_access` [ RunTime:0.001643s ]
[ sql ] [ SQL ] SELECT `aga`.`uid`,`aga`.`group_id`,`ag`.`id`,`ag`.`pid`,`ag`.`name`,`ag`.`rules` FROM `fa_auth_group_access` `aga` LEFT JOIN `fa_auth_group` `ag` ON `aga`.`group_id`=`ag`.`id` WHERE  (  aga.uid='1' and ag.status='normal' ) [ RunTime:0.000631s ]
[ sql ] [ SQL ] SHOW COLUMNS FROM `fa_auth_rule` [ RunTime:0.000840s ]
[ sql ] [ SQL ] SELECT `id`,`pid`,`condition`,`icon`,`name`,`title`,`ismenu` FROM `fa_auth_rule` WHERE  `status` = 'normal' [ RunTime:0.000414s ]
[ sql ] [ SQL ] SHOW COLUMNS FROM `fa_mw_module` [ RunTime:0.000750s ]
[ sql ] [ SQL ] SELECT COUNT(*) AS tp_count FROM `fa_mw_module` LIMIT 1 [ RunTime:0.000200s ]
[ sql ] [ SQL ] SELECT * FROM `fa_mw_module` ORDER BY `name` ASC LIMIT 0,10 [ RunTime:0.000221s ]
---------------------------------------------------------------
[ 2021-05-31T18:37:24+08:00 ] 127.0.0.1 GET create.com/admin/index/middleware
[运行时间：4.475076s] [吞吐率：0.22req/s] [内存消耗：4,485.34kb] [文件加载：145]
[ info ] [ BEHAVIOR ] Run Closure @app_init [ RunTime:0.141802s ]
[ info ] [ CACHE ] INIT File
[ info ] [ BEHAVIOR ] Run Closure @app_init [ RunTime:0.046104s ]
[ info ] [ LANG ] D:\phpstudy_pro\WWW\code\create\thinkphp\lang\zh-cn.php
[ info ] [ BEHAVIOR ] Run app\common\behavior\Common @app_dispatch [ RunTime:0.014233s ]
[ info ] [ ROUTE ] array (
  'type' => 'module',
  'module' => 
  array (
    0 => 'admin',
    1 => 'index',
    2 => 'middleware',
  ),
)
[ info ] [ HEADER ] array (
  'cookie' => 'PHPSESSID=8ujvl84g6sc2ntvi27atrfkm26',
  'connection' => 'keep-alive',
  'accept-encoding' => 'gzip, deflate, br',
  'host' => 'create.com',
  'postman-token' => 'e40f6b12-4ee8-419b-93cb-949b4514f455',
  'cache-control' => 'no-cache',
  'accept' => '*/*',
  'user-agent' => 'PostmanRuntime/7.26.8',
  'content-length' => '',
  'content-type' => '',
)
[ info ] [ PARAM ] array (
)
[ info ] [ LANG ] D:\phpstudy_pro\WWW\code\create\public/../application/admin\lang\zh-cn.php
[ info ] [ BEHAVIOR ] Run app\common\behavior\Common @module_init [ RunTime:0.075152s ]
[ info ] [ SESSION ] INIT array (
  'id' => '',
  'var_session_id' => '',
  'prefix' => 'think',
  'type' => '',
  'auto_start' => true,
)
[ info ] [ LANG ] D:\phpstudy_pro\WWW\code\create\public/../application/admin/lang/zh-cn/index.php
[ info ] [ RUN ] app\admin\controller\Index->middleware[ D:\phpstudy_pro\WWW\code\create\application\admin\controller\Index.php ]
[ info ] [ DB ] INIT mysql
[ info ] [ DB ] INIT mysql
[ info ] [ LOG ] INIT File
[ sql ] [ DB ] CONNECT:[ UseTime:0.166726s ] mysql:host=127.0.0.1;dbname=fastadmin;charset=utf8mb4
[ sql ] [ SQL ] SHOW COLUMNS FROM `fa_mw_connection` [ RunTime:0.122298s ]
[ sql ] [ SQL ] SELECT `c`.* FROM `fa_mw_connection` `c` LEFT JOIN `fa_mw_module` `m` ON `m`.`connection_id`=`c`.`id` LEFT JOIN `fa_mw_project` `p` ON `m`.`project_id`=`p`.`id` WHERE  `p`.`code` = 'P001'  AND `m`.`name` = 'room' LIMIT 1 [ RunTime:0.052881s ]
[ sql ] [ SQL ] SHOW COLUMNS FROM `fa_mw_module` [ RunTime:0.001475s ]
[ sql ] [ SQL ] SELECT * FROM `fa_mw_module` `m` LEFT JOIN `fa_mw_project` `p` ON `m`.`project_id`=`p`.`id` WHERE  `p`.`code` = 'P001'  AND `m`.`name` = 'room' LIMIT 1 [ RunTime:0.000609s ]
[ sql ] [ SQL ] SHOW COLUMNS FROM `fa_mw_column` [ RunTime:0.065920s ]
[ sql ] [ SQL ] SELECT * FROM `fa_mw_column` WHERE  `module_id` = 1  AND `search_static` = '1' [ RunTime:0.000804s ]
[ sql ] [ SQL ] SHOW COLUMNS FROM `fa_mw_module_relation` [ RunTime:0.002882s ]
[ sql ] [ SQL ] SELECT `m`.`table_name`,`mr`.`relation_condition` FROM `fa_mw_module_relation` `mr` LEFT JOIN `fa_mw_module` `m` ON `m`.`id`=`mr`.`relation_module_id` WHERE  `mr`.`primary_module_id` = 1 [ RunTime:0.000591s ]
---------------------------------------------------------------
[ 2021-05-31T18:38:05+08:00 ] 127.0.0.1 GET create.com/admin/index/middleware
[运行时间：0.469400s] [吞吐率：2.13req/s] [内存消耗：4,482.97kb] [文件加载：145]
[ info ] [ BEHAVIOR ] Run Closure @app_init [ RunTime:0.024777s ]
[ info ] [ CACHE ] INIT File
[ info ] [ BEHAVIOR ] Run Closure @app_init [ RunTime:0.002261s ]
[ info ] [ LANG ] D:\phpstudy_pro\WWW\code\create\thinkphp\lang\zh-cn.php
[ info ] [ BEHAVIOR ] Run app\common\behavior\Common @app_dispatch [ RunTime:0.012671s ]
[ info ] [ ROUTE ] array (
  'type' => 'module',
  'module' => 
  array (
    0 => 'admin',
    1 => 'index',
    2 => 'middleware',
  ),
)
[ info ] [ HEADER ] array (
  'cookie' => 'PHPSESSID=8ujvl84g6sc2ntvi27atrfkm26',
  'connection' => 'keep-alive',
  'accept-encoding' => 'gzip, deflate, br',
  'host' => 'create.com',
  'postman-token' => '97f8a6e0-a2af-485a-96d9-1613a7c70a48',
  'cache-control' => 'no-cache',
  'accept' => '*/*',
  'user-agent' => 'PostmanRuntime/7.26.8',
  'content-length' => '',
  'content-type' => '',
)
[ info ] [ PARAM ] array (
)
[ info ] [ LANG ] D:\phpstudy_pro\WWW\code\create\public/../application/admin\lang\zh-cn.php
[ info ] [ BEHAVIOR ] Run app\common\behavior\Common @module_init [ RunTime:0.018300s ]
[ info ] [ SESSION ] INIT array (
  'id' => '',
  'var_session_id' => '',
  'prefix' => 'think',
  'type' => '',
  'auto_start' => true,
)
[ info ] [ LANG ] D:\phpstudy_pro\WWW\code\create\public/../application/admin/lang/zh-cn/index.php
[ info ] [ RUN ] app\admin\controller\Index->middleware[ D:\phpstudy_pro\WWW\code\create\application\admin\controller\Index.php ]
[ info ] [ DB ] INIT mysql
[ info ] [ DB ] INIT mysql
[ info ] [ LOG ] INIT File
[ sql ] [ DB ] CONNECT:[ UseTime:0.025337s ] mysql:host=127.0.0.1;dbname=fastadmin;charset=utf8mb4
[ sql ] [ SQL ] SHOW COLUMNS FROM `fa_mw_connection` [ RunTime:0.032382s ]
[ sql ] [ SQL ] SELECT `c`.* FROM `fa_mw_connection` `c` LEFT JOIN `fa_mw_module` `m` ON `m`.`connection_id`=`c`.`id` LEFT JOIN `fa_mw_project` `p` ON `m`.`project_id`=`p`.`id` WHERE  `p`.`code` = 'P001'  AND `m`.`name` = 'room' LIMIT 1 [ RunTime:0.024856s ]
[ sql ] [ SQL ] SHOW COLUMNS FROM `fa_mw_module` [ RunTime:0.001574s ]
[ sql ] [ SQL ] SELECT * FROM `fa_mw_module` `m` LEFT JOIN `fa_mw_project` `p` ON `m`.`project_id`=`p`.`id` WHERE  `p`.`code` = 'P001'  AND `m`.`name` = 'room' LIMIT 1 [ RunTime:0.017734s ]
[ sql ] [ SQL ] SHOW COLUMNS FROM `fa_mw_column` [ RunTime:0.020263s ]
[ sql ] [ SQL ] SELECT * FROM `fa_mw_column` WHERE  `module_id` = 1  AND `search_static` = '1' [ RunTime:0.001089s ]
[ sql ] [ SQL ] SHOW COLUMNS FROM `fa_mw_module_relation` [ RunTime:0.004022s ]
[ sql ] [ SQL ] SELECT `m`.`table_name`,`mr`.`relation_condition` FROM `fa_mw_module_relation` `mr` LEFT JOIN `fa_mw_module` `m` ON `m`.`id`=`mr`.`relation_module_id` WHERE  `mr`.`primary_module_id` = 1 [ RunTime:0.000524s ]
---------------------------------------------------------------
[ 2021-05-31T18:46:25+08:00 ] 127.0.0.1 GET create.com/admin/mw_module_capability/index?addtabs=1&sort=id&order=desc&offset=0&limit=10&filter=%7B%7D&op=%7B%7D&_=1622365967283
[运行时间：0.391396s] [吞吐率：2.55req/s] [内存消耗：4,440.40kb] [文件加载：143]
[ info ] [ BEHAVIOR ] Run Closure @app_init [ RunTime:0.000024s ]
[ info ] [ CACHE ] INIT File
[ info ] [ BEHAVIOR ] Run Closure @app_init [ RunTime:0.001953s ]
[ info ] [ LANG ] D:\phpstudy_pro\WWW\code\create\thinkphp\lang\zh-cn.php
[ info ] [ BEHAVIOR ] Run app\common\behavior\Common @app_dispatch [ RunTime:0.000489s ]
[ info ] [ ROUTE ] array (
  'type' => 'module',
  'module' => 
  array (
    0 => 'admin',
    1 => 'mw_module_capability',
    2 => 'index',
  ),
)
[ info ] [ HEADER ] array (
  'cookie' => 'uid=1; token=881dede3-390e-4d9b-a269-ee085f4f5609; PHPSESSID=kqics68bg8ev38k1u16dvb171n; think_var=zh-cn',
  'accept-language' => 'zh-CN,zh;q=0.9',
  'accept-encoding' => 'gzip, deflate',
  'content-type' => 'application/json',
  'user-agent' => 'Mozilla/5.0 (Windows NT 10.0; Win64; x64) AppleWebKit/537.36 (KHTML, like Gecko) Chrome/72.0.3626.121 Safari/537.36',
  'x-requested-with' => 'XMLHttpRequest',
  'accept' => 'application/json, text/javascript, */*; q=0.01',
  'connection' => 'keep-alive',
  'host' => 'create.com',
  'content-length' => '',
)
[ info ] [ PARAM ] array (
  'addtabs' => '1',
  'sort' => 'id',
  'order' => 'desc',
  'offset' => '0',
  'limit' => '10',
  'filter' => '{}',
  'op' => '{}',
  '_' => '1622365967283',
)
[ info ] [ LANG ] D:\phpstudy_pro\WWW\code\create\public/../application/admin\lang\zh-cn.php
[ info ] [ BEHAVIOR ] Run app\common\behavior\Common @module_init [ RunTime:0.002477s ]
[ info ] [ SESSION ] INIT array (
  'id' => '',
  'var_session_id' => '',
  'prefix' => 'think',
  'type' => '',
  'auto_start' => true,
)
[ info ] [ DB ] INIT mysql
[ info ] [ LANG ] D:\phpstudy_pro\WWW\code\create\public/../application/admin/lang/zh-cn/mw_module_capability.php
[ info ] [ LOG ] INIT File
[ sql ] [ DB ] CONNECT:[ UseTime:0.014463s ] mysql:host=127.0.0.1;dbname=fastadmin;charset=utf8mb4
[ sql ] [ SQL ] SHOW COLUMNS FROM `fa_auth_group_access` [ RunTime:0.017293s ]
[ sql ] [ SQL ] SELECT `aga`.`uid`,`aga`.`group_id`,`ag`.`id`,`ag`.`pid`,`ag`.`name`,`ag`.`rules` FROM `fa_auth_group_access` `aga` LEFT JOIN `fa_auth_group` `ag` ON `aga`.`group_id`=`ag`.`id` WHERE  (  aga.uid='1' and ag.status='normal' ) [ RunTime:0.011238s ]
[ sql ] [ SQL ] SHOW COLUMNS FROM `fa_auth_rule` [ RunTime:0.001888s ]
[ sql ] [ SQL ] SELECT `id`,`pid`,`condition`,`icon`,`name`,`title`,`ismenu` FROM `fa_auth_rule` WHERE  `status` = 'normal' [ RunTime:0.000810s ]
[ error ] [0]语法解析错误: syntax error, unexpected '}'[D:\phpstudy_pro\WWW\code\create\application\admin\model\MwModuleCapability.php:68]
